{"/home/travis/build/npmtest/node-npmtest-zombie/test.js":{"path":"/home/travis/build/npmtest/node-npmtest-zombie/test.js","s":{"1":2,"2":2,"3":2,"4":2,"5":2,"6":2,"7":2,"8":1,"9":2,"10":2,"11":1,"12":1,"13":1,"14":1,"15":2,"16":2,"17":2,"18":2,"19":1,"20":1,"21":2,"22":2,"23":2,"24":1,"25":1,"26":1,"27":1,"28":1,"29":1,"30":1,"31":1,"32":1,"33":1,"34":1,"35":1,"36":1,"37":2,"38":2,"39":1,"40":2,"41":2,"42":1,"43":2,"44":2,"45":1,"46":2,"47":2,"48":1,"49":1,"50":1,"51":1,"52":1},"b":{"1":[2,1,1,1],"2":[1,1,1,1],"3":[1,1],"4":[1,1],"5":[1,1],"6":[1,1],"7":[1,1],"8":[1,1],"9":[1,1,1],"10":[1,1],"11":[1,1],"12":[1,1],"13":[1,1],"14":[1,1],"15":[1,1],"16":[1,1]},"f":{"1":2,"2":2,"3":2,"4":2,"5":2,"6":1,"7":1,"8":2,"9":2,"10":2,"11":2,"12":1},"fnMap":{"1":{"name":"(anonymous_1)","line":12,"loc":{"start":{"line":12,"column":1},"end":{"line":12,"column":13}}},"2":{"name":"(anonymous_2)","line":19,"loc":{"start":{"line":19,"column":5},"end":{"line":19,"column":17}}},"3":{"name":"(anonymous_3)","line":23,"loc":{"start":{"line":23,"column":24},"end":{"line":23,"column":36}}},"4":{"name":"(anonymous_4)","line":61,"loc":{"start":{"line":61,"column":5},"end":{"line":61,"column":17}}},"5":{"name":"(anonymous_5)","line":82,"loc":{"start":{"line":82,"column":5},"end":{"line":82,"column":17}}},"6":{"name":"(anonymous_6)","line":102,"loc":{"start":{"line":102,"column":83},"end":{"line":105,"column":10}},"skip":true},"7":{"name":"(anonymous_7)","line":113,"loc":{"start":{"line":113,"column":77},"end":{"line":116,"column":10}},"skip":true},"8":{"name":"(anonymous_8)","line":129,"loc":{"start":{"line":129,"column":12},"end":{"line":129,"column":40}},"skip":true},"9":{"name":"(anonymous_9)","line":137,"loc":{"start":{"line":137,"column":77},"end":{"line":140,"column":10}},"skip":true},"10":{"name":"(anonymous_10)","line":148,"loc":{"start":{"line":148,"column":83},"end":{"line":151,"column":10}},"skip":true},"11":{"name":"(anonymous_11)","line":159,"loc":{"start":{"line":159,"column":79},"end":{"line":162,"column":10}},"skip":true},"12":{"name":"(anonymous_12)","line":170,"loc":{"start":{"line":170,"column":75},"end":{"line":173,"column":10}},"skip":true}},"statementMap":{"1":{"start":{"line":12,"column":0},"end":{"line":185,"column":5}},"2":{"start":{"line":14,"column":4},"end":{"line":14,"column":14}},"3":{"start":{"line":19,"column":4},"end":{"line":56,"column":9}},"4":{"start":{"line":21,"column":8},"end":{"line":21,"column":19}},"5":{"start":{"line":23,"column":8},"end":{"line":35,"column":13}},"6":{"start":{"line":24,"column":12},"end":{"line":34,"column":13}},"7":{"start":{"line":25,"column":16},"end":{"line":28,"column":30}},"8":{"start":{"line":30,"column":16},"end":{"line":33,"column":27}},"9":{"start":{"line":37,"column":8},"end":{"line":39,"column":21}},"10":{"start":{"line":40,"column":8},"end":{"line":53,"column":9}},"11":{"start":{"line":43,"column":12},"end":{"line":46,"column":14}},"12":{"start":{"line":47,"column":12},"end":{"line":47,"column":18}},"13":{"start":{"line":50,"column":12},"end":{"line":51,"column":46}},"14":{"start":{"line":52,"column":12},"end":{"line":52,"column":18}},"15":{"start":{"line":55,"column":8},"end":{"line":55,"column":35}},"16":{"start":{"line":61,"column":4},"end":{"line":63,"column":9}},"17":{"start":{"line":62,"column":8},"end":{"line":62,"column":15}},"18":{"start":{"line":64,"column":4},"end":{"line":77,"column":5}},"19":{"start":{"line":70,"column":8},"end":{"line":70,"column":14}},"20":{"start":{"line":76,"column":8},"end":{"line":76,"column":14}},"21":{"start":{"line":82,"column":4},"end":{"line":84,"column":9}},"22":{"start":{"line":83,"column":8},"end":{"line":83,"column":15}},"23":{"start":{"line":85,"column":4},"end":{"line":184,"column":5}},"24":{"start":{"line":92,"column":8},"end":{"line":94,"column":63}},"25":{"start":{"line":95,"column":8},"end":{"line":95,"column":14}},"26":{"start":{"line":102,"column":8},"end":{"line":111,"column":10},"skip":true},"27":{"start":{"line":109,"column":12},"end":{"line":109,"column":55},"skip":true},"28":{"start":{"line":110,"column":12},"end":{"line":110,"column":48},"skip":true},"29":{"start":{"line":113,"column":8},"end":{"line":126,"column":10},"skip":true},"30":{"start":{"line":120,"column":12},"end":{"line":120,"column":76},"skip":true},"31":{"start":{"line":121,"column":12},"end":{"line":121,"column":73},"skip":true},"32":{"start":{"line":122,"column":12},"end":{"line":122,"column":74},"skip":true},"33":{"start":{"line":123,"column":12},"end":{"line":123,"column":79},"skip":true},"34":{"start":{"line":124,"column":12},"end":{"line":124,"column":25},"skip":true},"35":{"start":{"line":125,"column":12},"end":{"line":125,"column":45},"skip":true},"36":{"start":{"line":128,"column":8},"end":{"line":135,"column":14},"skip":true},"37":{"start":{"line":133,"column":16},"end":{"line":133,"column":29},"skip":true},"38":{"start":{"line":134,"column":16},"end":{"line":134,"column":55},"skip":true},"39":{"start":{"line":137,"column":8},"end":{"line":146,"column":10},"skip":true},"40":{"start":{"line":144,"column":12},"end":{"line":144,"column":25},"skip":true},"41":{"start":{"line":145,"column":12},"end":{"line":145,"column":45},"skip":true},"42":{"start":{"line":148,"column":8},"end":{"line":157,"column":10},"skip":true},"43":{"start":{"line":155,"column":12},"end":{"line":155,"column":25},"skip":true},"44":{"start":{"line":156,"column":12},"end":{"line":156,"column":48},"skip":true},"45":{"start":{"line":159,"column":8},"end":{"line":168,"column":10},"skip":true},"46":{"start":{"line":166,"column":12},"end":{"line":166,"column":25},"skip":true},"47":{"start":{"line":167,"column":12},"end":{"line":167,"column":46},"skip":true},"48":{"start":{"line":170,"column":8},"end":{"line":179,"column":10},"skip":true},"49":{"start":{"line":177,"column":12},"end":{"line":177,"column":94},"skip":true},"50":{"start":{"line":178,"column":12},"end":{"line":178,"column":48},"skip":true},"51":{"start":{"line":182,"column":8},"end":{"line":182,"column":35},"skip":true},"52":{"start":{"line":183,"column":8},"end":{"line":183,"column":14},"skip":true}},"branchMap":{"1":{"line":25,"type":"binary-expr","locations":[{"start":{"line":25,"column":23},"end":{"line":25,"column":62}},{"start":{"line":26,"column":20},"end":{"line":26,"column":70}},{"start":{"line":27,"column":20},"end":{"line":27,"column":71}},{"start":{"line":28,"column":20},"end":{"line":28,"column":29}}]},"2":{"line":30,"type":"binary-expr","locations":[{"start":{"line":30,"column":23},"end":{"line":30,"column":37}},{"start":{"line":31,"column":20},"end":{"line":31,"column":61}},{"start":{"line":32,"column":20},"end":{"line":32,"column":70}},{"start":{"line":33,"column":20},"end":{"line":33,"column":26}}]},"3":{"line":37,"type":"cond-expr","locations":[{"start":{"line":38,"column":14},"end":{"line":38,"column":20}},{"start":{"line":39,"column":14},"end":{"line":39,"column":20}}]},"4":{"line":40,"type":"switch","locations":[{"start":{"line":42,"column":8},"end":{"line":47,"column":18}},{"start":{"line":49,"column":8},"end":{"line":52,"column":18}}]},"5":{"line":44,"type":"binary-expr","locations":[{"start":{"line":44,"column":16},"end":{"line":44,"column":44}},{"start":{"line":44,"column":48},"end":{"line":44,"column":66}}]},"6":{"line":50,"type":"binary-expr","locations":[{"start":{"line":50,"column":21},"end":{"line":50,"column":49}},{"start":{"line":50,"column":53},"end":{"line":50,"column":72}}]},"7":{"line":64,"type":"switch","locations":[{"start":{"line":69,"column":4},"end":{"line":70,"column":14}},{"start":{"line":75,"column":4},"end":{"line":76,"column":14}}]},"8":{"line":85,"type":"switch","locations":[{"start":{"line":90,"column":4},"end":{"line":95,"column":14}},{"start":{"line":101,"column":4},"end":{"line":183,"column":14},"skip":true}]},"9":{"line":92,"type":"binary-expr","locations":[{"start":{"line":92,"column":18},"end":{"line":92,"column":32}},{"start":{"line":93,"column":12},"end":{"line":93,"column":53}},{"start":{"line":94,"column":12},"end":{"line":94,"column":61}}]},"10":{"line":102,"type":"binary-expr","locations":[{"start":{"line":102,"column":45},"end":{"line":102,"column":79},"skip":true},{"start":{"line":102,"column":83},"end":{"line":111,"column":9},"skip":true}]},"11":{"line":113,"type":"binary-expr","locations":[{"start":{"line":113,"column":42},"end":{"line":113,"column":73},"skip":true},{"start":{"line":113,"column":77},"end":{"line":126,"column":9},"skip":true}]},"12":{"line":128,"type":"binary-expr","locations":[{"start":{"line":128,"column":48},"end":{"line":128,"column":85},"skip":true},{"start":{"line":129,"column":12},"end":{"line":135,"column":13},"skip":true}]},"13":{"line":137,"type":"binary-expr","locations":[{"start":{"line":137,"column":42},"end":{"line":137,"column":73},"skip":true},{"start":{"line":137,"column":77},"end":{"line":146,"column":9},"skip":true}]},"14":{"line":148,"type":"binary-expr","locations":[{"start":{"line":148,"column":45},"end":{"line":148,"column":79},"skip":true},{"start":{"line":148,"column":83},"end":{"line":157,"column":9},"skip":true}]},"15":{"line":159,"type":"binary-expr","locations":[{"start":{"line":159,"column":43},"end":{"line":159,"column":75},"skip":true},{"start":{"line":159,"column":79},"end":{"line":168,"column":9},"skip":true}]},"16":{"line":170,"type":"binary-expr","locations":[{"start":{"line":170,"column":41},"end":{"line":170,"column":71},"skip":true},{"start":{"line":170,"column":75},"end":{"line":179,"column":9},"skip":true}]}},"code":["/* istanbul instrument in package npmtest_zombie */","/*jslint","    bitwise: true,","    browser: true,","    maxerr: 8,","    maxlen: 96,","    node: true,","    nomen: true,","    regexp: true,","    stupid: true","*/","(function () {","    'use strict';","    var local;","","","","    // run shared js-env code - pre-init","    (function () {","        // init local","        local = {};","        // init modeJs","        local.modeJs = (function () {","            try {","                return typeof navigator.userAgent === 'string' &&","                    typeof document.querySelector('body') === 'object' &&","                    typeof XMLHttpRequest.prototype.open === 'function' &&","                    'browser';","            } catch (errorCaughtBrowser) {","                return module.exports &&","                    typeof process.versions.node === 'string' &&","                    typeof require('http').createServer === 'function' &&","                    'node';","            }","        }());","        // init global","        local.global = local.modeJs === 'browser'","            ? window","            : global;","        switch (local.modeJs) {","        // re-init local from window.local","        case 'browser':","            local = local.global.utility2.objectSetDefault(","                local.global.utility2_rollup || local.global.local,","                local.global.utility2","            );","            break;","        // re-init local from example.js","        case 'node':","            local = (local.global.utility2_rollup || require('utility2'))","                .requireExampleJsFromReadme();","            break;","        }","        // export local","        local.global.local = local;","    }());","","","","    // run shared js-env code - function","    (function () {","        return;","    }());","    switch (local.modeJs) {","","","","    // run browser js-env code - function","    case 'browser':","        break;","","","","    // run node js-env code - function","    case 'node':","        break;","    }","","","","    // run shared js-env code - post-init","    (function () {","        return;","    }());","    switch (local.modeJs) {","","","","    // run browser js-env code - post-init","    case 'browser':","        // run tests","        local.nop(local.modeTest &&","            document.querySelector('#testRunButton1') &&","            document.querySelector('#testRunButton1').click());","        break;","","","","    // run node js-env code - post-init","    /* istanbul ignore next */","    case 'node':","        local.testCase_buildApidoc_default = local.testCase_buildApidoc_default || function (","            options,","            onError","        ) {","        /*","         * this function will test buildApidoc's default handling-behavior-behavior","         */","            options = { modulePathList: module.paths };","            local.buildApidoc(options, onError);","        };","","        local.testCase_buildApp_default = local.testCase_buildApp_default || function (","            options,","            onError","        ) {","        /*","         * this function will test buildApp's default handling-behavior-behavior","         */","            local.testCase_buildReadme_default(options, local.onErrorThrow);","            local.testCase_buildLib_default(options, local.onErrorThrow);","            local.testCase_buildTest_default(options, local.onErrorThrow);","            local.testCase_buildCustomOrg_default(options, local.onErrorThrow);","            options = [];","            local.buildApp(options, onError);","        };","","        local.testCase_buildCustomOrg_default = local.testCase_buildCustomOrg_default ||","            function (options, onError) {","            /*","             * this function will test buildCustomOrg's default handling-behavior","             */","                options = {};","                local.buildCustomOrg(options, onError);","            };","","        local.testCase_buildLib_default = local.testCase_buildLib_default || function (","            options,","            onError","        ) {","        /*","         * this function will test buildLib's default handling-behavior","         */","            options = {};","            local.buildLib(options, onError);","        };","","        local.testCase_buildReadme_default = local.testCase_buildReadme_default || function (","            options,","            onError","        ) {","        /*","         * this function will test buildReadme's default handling-behavior-behavior","         */","            options = {};","            local.buildReadme(options, onError);","        };","","        local.testCase_buildTest_default = local.testCase_buildTest_default || function (","            options,","            onError","        ) {","        /*","         * this function will test buildTest's default handling-behavior","         */","            options = {};","            local.buildTest(options, onError);","        };","","        local.testCase_webpage_default = local.testCase_webpage_default || function (","            options,","            onError","        ) {","        /*","         * this function will test webpage's default handling-behavior","         */","            options = { modeCoverageMerge: true, url: local.serverLocalHost + '?modeTest=1' };","            local.browserTest(options, onError);","        };","","        // run test-server","        local.testRunServer(local);","        break;","    }","}());",""],"l":{"12":2,"14":2,"19":2,"21":2,"23":2,"24":2,"25":2,"30":1,"37":2,"40":2,"43":1,"47":1,"50":1,"52":1,"55":2,"61":2,"62":2,"64":2,"70":1,"76":1,"82":2,"83":2,"85":2,"92":1,"95":1,"102":1,"109":1,"110":1,"113":1,"120":1,"121":1,"122":1,"123":1,"124":1,"125":1,"128":1,"133":2,"134":2,"137":1,"144":2,"145":2,"148":1,"155":2,"156":2,"159":1,"166":2,"167":2,"170":1,"177":1,"178":1,"182":1,"183":1}},"/home/travis/build/npmtest/node-npmtest-zombie/lib.npmtest_zombie.js":{"path":"/home/travis/build/npmtest/node-npmtest-zombie/lib.npmtest_zombie.js","s":{"1":2,"2":2,"3":2,"4":2,"5":2,"6":2,"7":2,"8":1,"9":2,"10":2,"11":2,"12":2,"13":1,"14":1,"15":1,"16":1},"b":{"1":[2,1,1,1],"2":[1,1,1,1],"3":[1,1],"4":[2,2],"5":[1,1]},"f":{"1":2,"2":2,"3":2},"fnMap":{"1":{"name":"(anonymous_1)","line":12,"loc":{"start":{"line":12,"column":1},"end":{"line":12,"column":13}}},"2":{"name":"(anonymous_2)","line":19,"loc":{"start":{"line":19,"column":5},"end":{"line":19,"column":17}}},"3":{"name":"(anonymous_3)","line":23,"loc":{"start":{"line":23,"column":24},"end":{"line":23,"column":36}}}},"statementMap":{"1":{"start":{"line":12,"column":0},"end":{"line":53,"column":5}},"2":{"start":{"line":14,"column":4},"end":{"line":14,"column":14}},"3":{"start":{"line":19,"column":4},"end":{"line":52,"column":9}},"4":{"start":{"line":21,"column":8},"end":{"line":21,"column":19}},"5":{"start":{"line":23,"column":8},"end":{"line":35,"column":13}},"6":{"start":{"line":24,"column":12},"end":{"line":34,"column":13}},"7":{"start":{"line":25,"column":16},"end":{"line":28,"column":30}},"8":{"start":{"line":30,"column":16},"end":{"line":33,"column":27}},"9":{"start":{"line":37,"column":8},"end":{"line":39,"column":21}},"10":{"start":{"line":41,"column":8},"end":{"line":41,"column":54}},"11":{"start":{"line":43,"column":8},"end":{"line":43,"column":51}},"12":{"start":{"line":45,"column":8},"end":{"line":51,"column":9}},"13":{"start":{"line":46,"column":12},"end":{"line":46,"column":57}},"14":{"start":{"line":48,"column":12},"end":{"line":48,"column":35}},"15":{"start":{"line":49,"column":12},"end":{"line":49,"column":49}},"16":{"start":{"line":50,"column":12},"end":{"line":50,"column":43}}},"branchMap":{"1":{"line":25,"type":"binary-expr","locations":[{"start":{"line":25,"column":23},"end":{"line":25,"column":62}},{"start":{"line":26,"column":20},"end":{"line":26,"column":70}},{"start":{"line":27,"column":20},"end":{"line":27,"column":71}},{"start":{"line":28,"column":20},"end":{"line":28,"column":29}}]},"2":{"line":30,"type":"binary-expr","locations":[{"start":{"line":30,"column":23},"end":{"line":30,"column":37}},{"start":{"line":31,"column":20},"end":{"line":31,"column":61}},{"start":{"line":32,"column":20},"end":{"line":32,"column":70}},{"start":{"line":33,"column":20},"end":{"line":33,"column":26}}]},"3":{"line":37,"type":"cond-expr","locations":[{"start":{"line":38,"column":14},"end":{"line":38,"column":20}},{"start":{"line":39,"column":14},"end":{"line":39,"column":20}}]},"4":{"line":41,"type":"binary-expr","locations":[{"start":{"line":41,"column":16},"end":{"line":41,"column":44}},{"start":{"line":41,"column":48},"end":{"line":41,"column":53}}]},"5":{"line":45,"type":"if","locations":[{"start":{"line":45,"column":8},"end":{"line":45,"column":8}},{"start":{"line":45,"column":8},"end":{"line":45,"column":8}}]}},"code":["/* istanbul instrument in package npmtest_zombie */","/*jslint","    bitwise: true,","    browser: true,","    maxerr: 8,","    maxlen: 96,","    node: true,","    nomen: true,","    regexp: true,","    stupid: true","*/","(function () {","    'use strict';","    var local;","","","","    // run shared js-env code - pre-init","    (function () {","        // init local","        local = {};","        // init modeJs","        local.modeJs = (function () {","            try {","                return typeof navigator.userAgent === 'string' &&","                    typeof document.querySelector('body') === 'object' &&","                    typeof XMLHttpRequest.prototype.open === 'function' &&","                    'browser';","            } catch (errorCaughtBrowser) {","                return module.exports &&","                    typeof process.versions.node === 'string' &&","                    typeof require('http').createServer === 'function' &&","                    'node';","            }","        }());","        // init global","        local.global = local.modeJs === 'browser'","            ? window","            : global;","        // init utility2_rollup","        local = local.global.utility2_rollup || local;","        // init lib","        local.local = local.npmtest_zombie = local;","        // init exports","        if (local.modeJs === 'browser') {","            local.global.utility2_npmtest_zombie = local;","        } else {","            module.exports = local;","            module.exports.__dirname = __dirname;","            module.exports.module = module;","        }","    }());","}());",""],"l":{"12":2,"14":2,"19":2,"21":2,"23":2,"24":2,"25":2,"30":1,"37":2,"41":2,"43":2,"45":2,"46":1,"48":1,"49":1,"50":1}},"/home/travis/build/npmtest/node-npmtest-zombie/example.js":{"path":"/home/travis/build/npmtest/node-npmtest-zombie/example.js","s":{"1":2,"2":2,"3":2,"4":2,"5":2,"6":2,"7":2,"8":1,"9":2,"10":2,"11":2,"12":2,"13":1,"14":2,"15":2,"16":2,"17":2,"18":2,"19":0,"20":2,"21":1,"22":1,"23":1,"24":1,"25":1,"26":0,"27":0,"28":1,"29":1,"30":2,"31":0,"32":0,"33":0,"34":1,"35":2,"36":2,"37":2,"38":2,"39":2,"40":2,"41":0,"42":2,"43":2,"44":2,"45":1,"46":3,"47":1,"48":1,"49":1,"50":1,"51":1,"52":1,"53":1,"54":1,"55":1,"56":1,"57":0,"58":1,"59":6,"60":6,"61":1,"62":2,"63":0,"64":2,"65":1,"66":1,"67":0,"68":0,"69":0,"70":0,"71":0,"72":0,"73":0,"74":0,"75":0,"76":0,"77":0,"78":0,"79":0,"80":0,"81":0,"82":0,"83":0},"b":{"1":[2,1,1,1],"2":[1,1,1,1],"3":[1,1],"4":[2,2],"5":[1,1],"6":[1,1],"7":[2,0],"8":[2,1,1,1,1,1],"9":[0,2,0],"10":[1,1],"11":[2,1,1],"12":[1,0],"13":[0,2],"14":[2,0,0,0,0,0,0],"15":[0,2],"16":[2,0],"17":[1,1],"18":[0,1],"19":[1,2,0,2],"20":[1,0],"21":[1,1],"22":[0,0],"23":[0,0],"24":[0,0],"25":[0,0],"26":[0,0],"27":[0,0],"28":[0,0]},"f":{"1":2,"2":2,"3":2,"4":2,"5":2,"6":2,"7":2,"8":2,"9":3,"10":1,"11":6,"12":0},"fnMap":{"1":{"name":"(anonymous_1)","line":26,"loc":{"start":{"line":26,"column":1},"end":{"line":26,"column":13}}},"2":{"name":"(anonymous_2)","line":33,"loc":{"start":{"line":33,"column":5},"end":{"line":33,"column":17}}},"3":{"name":"(anonymous_3)","line":37,"loc":{"start":{"line":37,"column":24},"end":{"line":37,"column":36}}},"4":{"name":"(anonymous_4)","line":69,"loc":{"start":{"line":69,"column":31},"end":{"line":69,"column":48}},"skip":true},"5":{"name":"(anonymous_5)","line":78,"loc":{"start":{"line":78,"column":26},"end":{"line":78,"column":45}},"skip":true},"6":{"name":"(anonymous_6)","line":123,"loc":{"start":{"line":123,"column":33},"end":{"line":123,"column":48}},"skip":true},"7":{"name":"(anonymous_7)","line":125,"loc":{"start":{"line":125,"column":27},"end":{"line":125,"column":39}},"skip":true},"8":{"name":"(anonymous_8)","line":133,"loc":{"start":{"line":133,"column":59},"end":{"line":133,"column":74}},"skip":true},"9":{"name":"(anonymous_9)","line":143,"loc":{"start":{"line":143,"column":45},"end":{"line":143,"column":62}},"skip":true},"10":{"name":"(anonymous_10)","line":144,"loc":{"start":{"line":144,"column":73},"end":{"line":144,"column":92}},"skip":true},"11":{"name":"(anonymous_11)","line":272,"loc":{"start":{"line":272,"column":51},"end":{"line":272,"column":77}},"skip":true},"12":{"name":"(anonymous_12)","line":314,"loc":{"start":{"line":314,"column":32},"end":{"line":314,"column":61}},"skip":true}},"statementMap":{"1":{"start":{"line":26,"column":0},"end":{"line":325,"column":5}},"2":{"start":{"line":28,"column":4},"end":{"line":28,"column":14}},"3":{"start":{"line":33,"column":4},"end":{"line":60,"column":9}},"4":{"start":{"line":35,"column":8},"end":{"line":35,"column":19}},"5":{"start":{"line":37,"column":8},"end":{"line":49,"column":13}},"6":{"start":{"line":38,"column":12},"end":{"line":48,"column":13}},"7":{"start":{"line":39,"column":16},"end":{"line":42,"column":30}},"8":{"start":{"line":44,"column":16},"end":{"line":47,"column":27}},"9":{"start":{"line":51,"column":8},"end":{"line":53,"column":21}},"10":{"start":{"line":55,"column":8},"end":{"line":57,"column":45}},"11":{"start":{"line":59,"column":8},"end":{"line":59,"column":35}},"12":{"start":{"line":61,"column":4},"end":{"line":324,"column":5}},"13":{"start":{"line":69,"column":8},"end":{"line":121,"column":10},"skip":true},"14":{"start":{"line":70,"column":12},"end":{"line":88,"column":13},"skip":true},"15":{"start":{"line":76,"column":16},"end":{"line":87,"column":19},"skip":true},"16":{"start":{"line":79,"column":20},"end":{"line":86,"column":21},"skip":true},"17":{"start":{"line":82,"column":24},"end":{"line":82,"column":43},"skip":true},"18":{"start":{"line":83,"column":24},"end":{"line":83,"column":30},"skip":true},"19":{"start":{"line":85,"column":24},"end":{"line":85,"column":49},"skip":true},"20":{"start":{"line":89,"column":12},"end":{"line":107,"column":13},"skip":true},"21":{"start":{"line":92,"column":16},"end":{"line":102,"column":17},"skip":true},"22":{"start":{"line":93,"column":20},"end":{"line":93,"column":86},"skip":true},"23":{"start":{"line":94,"column":20},"end":{"line":95,"column":45},"skip":true},"24":{"start":{"line":96,"column":20},"end":{"line":96,"column":42},"skip":true},"25":{"start":{"line":97,"column":20},"end":{"line":97,"column":48},"skip":true},"26":{"start":{"line":100,"column":20},"end":{"line":100,"column":85},"skip":true},"27":{"start":{"line":101,"column":20},"end":{"line":101,"column":96},"skip":true},"28":{"start":{"line":103,"column":16},"end":{"line":103,"column":22},"skip":true},"29":{"start":{"line":106,"column":16},"end":{"line":106,"column":22},"skip":true},"30":{"start":{"line":108,"column":12},"end":{"line":120,"column":13},"skip":true},"31":{"start":{"line":114,"column":16},"end":{"line":119,"column":17},"skip":true},"32":{"start":{"line":116,"column":20},"end":{"line":116,"column":78},"skip":true},"33":{"start":{"line":118,"column":20},"end":{"line":118,"column":47},"skip":true},"34":{"start":{"line":123,"column":8},"end":{"line":141,"column":11},"skip":true},"35":{"start":{"line":124,"column":12},"end":{"line":124,"column":54},"skip":true},"36":{"start":{"line":125,"column":12},"end":{"line":140,"column":14},"skip":true},"37":{"start":{"line":126,"column":16},"end":{"line":126,"column":28},"skip":true},"38":{"start":{"line":127,"column":16},"end":{"line":127,"column":69},"skip":true},"39":{"start":{"line":128,"column":16},"end":{"line":128,"column":75},"skip":true},"40":{"start":{"line":129,"column":16},"end":{"line":131,"column":17},"skip":true},"41":{"start":{"line":130,"column":20},"end":{"line":130,"column":27},"skip":true},"42":{"start":{"line":133,"column":16},"end":{"line":137,"column":36},"skip":true},"43":{"start":{"line":134,"column":20},"end":{"line":136,"column":55},"skip":true},"44":{"start":{"line":139,"column":16},"end":{"line":139,"column":57},"skip":true},"45":{"start":{"line":143,"column":8},"end":{"line":147,"column":11},"skip":true},"46":{"start":{"line":144,"column":12},"end":{"line":146,"column":15},"skip":true},"47":{"start":{"line":145,"column":16},"end":{"line":145,"column":70},"skip":true},"48":{"start":{"line":149,"column":8},"end":{"line":149,"column":31},"skip":true},"49":{"start":{"line":150,"column":8},"end":{"line":150,"column":14},"skip":true},"50":{"start":{"line":158,"column":8},"end":{"line":158,"column":31},"skip":true},"51":{"start":{"line":160,"column":8},"end":{"line":160,"column":33},"skip":true},"52":{"start":{"line":161,"column":8},"end":{"line":161,"column":37},"skip":true},"53":{"start":{"line":162,"column":8},"end":{"line":162,"column":35},"skip":true},"54":{"start":{"line":164,"column":8},"end":{"line":164,"column":50},"skip":true},"55":{"start":{"line":166,"column":8},"end":{"line":256,"column":2},"skip":true},"56":{"start":{"line":258,"column":8},"end":{"line":286,"column":9},"skip":true},"57":{"start":{"line":259,"column":12},"end":{"line":269,"column":14},"skip":true},"58":{"start":{"line":271,"column":12},"end":{"line":285,"column":19},"skip":true},"59":{"start":{"line":274,"column":20},"end":{"line":274,"column":35},"skip":true},"60":{"start":{"line":275,"column":20},"end":{"line":284,"column":21},"skip":true},"61":{"start":{"line":277,"column":24},"end":{"line":277,"column":64},"skip":true},"62":{"start":{"line":279,"column":24},"end":{"line":279,"column":40},"skip":true},"63":{"start":{"line":281,"column":24},"end":{"line":281,"column":40},"skip":true},"64":{"start":{"line":283,"column":24},"end":{"line":283,"column":39},"skip":true},"65":{"start":{"line":288,"column":8},"end":{"line":290,"column":9},"skip":true},"66":{"start":{"line":289,"column":12},"end":{"line":289,"column":18},"skip":true},"67":{"start":{"line":291,"column":8},"end":{"line":293,"column":54},"skip":true},"68":{"start":{"line":294,"column":8},"end":{"line":301,"column":37},"skip":true},"69":{"start":{"line":302,"column":8},"end":{"line":302,"column":82},"skip":true},"70":{"start":{"line":305,"column":8},"end":{"line":307,"column":9},"skip":true},"71":{"start":{"line":306,"column":12},"end":{"line":306,"column":82},"skip":true},"72":{"start":{"line":309,"column":8},"end":{"line":311,"column":9},"skip":true},"73":{"start":{"line":310,"column":12},"end":{"line":310,"column":18},"skip":true},"74":{"start":{"line":312,"column":8},"end":{"line":312,"column":54},"skip":true},"75":{"start":{"line":313,"column":8},"end":{"line":313,"column":69},"skip":true},"76":{"start":{"line":314,"column":8},"end":{"line":322,"column":36},"skip":true},"77":{"start":{"line":315,"column":12},"end":{"line":315,"column":61},"skip":true},"78":{"start":{"line":316,"column":12},"end":{"line":319,"column":13},"skip":true},"79":{"start":{"line":317,"column":16},"end":{"line":317,"column":75},"skip":true},"80":{"start":{"line":318,"column":16},"end":{"line":318,"column":23},"skip":true},"81":{"start":{"line":320,"column":12},"end":{"line":320,"column":38},"skip":true},"82":{"start":{"line":321,"column":12},"end":{"line":321,"column":27},"skip":true},"83":{"start":{"line":323,"column":8},"end":{"line":323,"column":14},"skip":true}},"branchMap":{"1":{"line":39,"type":"binary-expr","locations":[{"start":{"line":39,"column":23},"end":{"line":39,"column":62}},{"start":{"line":40,"column":20},"end":{"line":40,"column":70}},{"start":{"line":41,"column":20},"end":{"line":41,"column":71}},{"start":{"line":42,"column":20},"end":{"line":42,"column":29}}]},"2":{"line":44,"type":"binary-expr","locations":[{"start":{"line":44,"column":23},"end":{"line":44,"column":37}},{"start":{"line":45,"column":20},"end":{"line":45,"column":61}},{"start":{"line":46,"column":20},"end":{"line":46,"column":70}},{"start":{"line":47,"column":20},"end":{"line":47,"column":26}}]},"3":{"line":51,"type":"cond-expr","locations":[{"start":{"line":52,"column":14},"end":{"line":52,"column":20}},{"start":{"line":53,"column":14},"end":{"line":53,"column":20}}]},"4":{"line":55,"type":"binary-expr","locations":[{"start":{"line":55,"column":16},"end":{"line":55,"column":44}},{"start":{"line":55,"column":49},"end":{"line":57,"column":43}}]},"5":{"line":55,"type":"cond-expr","locations":[{"start":{"line":56,"column":14},"end":{"line":56,"column":50}},{"start":{"line":57,"column":14},"end":{"line":57,"column":43}}]},"6":{"line":61,"type":"switch","locations":[{"start":{"line":68,"column":4},"end":{"line":150,"column":14},"skip":true},{"start":{"line":156,"column":4},"end":{"line":323,"column":14},"skip":true}]},"7":{"line":70,"type":"if","locations":[{"start":{"line":70,"column":12},"end":{"line":70,"column":12},"skip":true},{"start":{"line":70,"column":12},"end":{"line":70,"column":12},"skip":true}]},"8":{"line":70,"type":"binary-expr","locations":[{"start":{"line":70,"column":16},"end":{"line":70,"column":22},"skip":true},{"start":{"line":70,"column":27},"end":{"line":70,"column":32},"skip":true},{"start":{"line":71,"column":20},"end":{"line":71,"column":39},"skip":true},{"start":{"line":72,"column":20},"end":{"line":72,"column":49},"skip":true},{"start":{"line":73,"column":20},"end":{"line":73,"column":58},"skip":true},{"start":{"line":74,"column":20},"end":{"line":74,"column":69},"skip":true}]},"9":{"line":79,"type":"switch","locations":[{"start":{"line":80,"column":20},"end":{"line":80,"column":33},"skip":true},{"start":{"line":81,"column":20},"end":{"line":83,"column":30},"skip":true},{"start":{"line":84,"column":20},"end":{"line":85,"column":49},"skip":true}]},"10":{"line":89,"type":"switch","locations":[{"start":{"line":90,"column":12},"end":{"line":103,"column":22},"skip":true},{"start":{"line":105,"column":12},"end":{"line":106,"column":22},"skip":true}]},"11":{"line":89,"type":"binary-expr","locations":[{"start":{"line":89,"column":20},"end":{"line":89,"column":25},"skip":true},{"start":{"line":89,"column":29},"end":{"line":89,"column":48},"skip":true},{"start":{"line":89,"column":52},"end":{"line":89,"column":74},"skip":true}]},"12":{"line":92,"type":"if","locations":[{"start":{"line":92,"column":16},"end":{"line":92,"column":16},"skip":true},{"start":{"line":92,"column":16},"end":{"line":92,"column":16},"skip":true}]},"13":{"line":108,"type":"if","locations":[{"start":{"line":108,"column":12},"end":{"line":108,"column":12},"skip":true},{"start":{"line":108,"column":12},"end":{"line":108,"column":12},"skip":true}]},"14":{"line":108,"type":"binary-expr","locations":[{"start":{"line":108,"column":16},"end":{"line":108,"column":61},"skip":true},{"start":{"line":108,"column":66},"end":{"line":108,"column":72},"skip":true},{"start":{"line":108,"column":77},"end":{"line":108,"column":82},"skip":true},{"start":{"line":109,"column":20},"end":{"line":109,"column":39},"skip":true},{"start":{"line":110,"column":20},"end":{"line":110,"column":49},"skip":true},{"start":{"line":111,"column":20},"end":{"line":111,"column":58},"skip":true},{"start":{"line":112,"column":20},"end":{"line":112,"column":68},"skip":true}]},"15":{"line":129,"type":"if","locations":[{"start":{"line":129,"column":16},"end":{"line":129,"column":16},"skip":true},{"start":{"line":129,"column":16},"end":{"line":129,"column":16},"skip":true}]},"16":{"line":134,"type":"cond-expr","locations":[{"start":{"line":135,"column":26},"end":{"line":135,"column":29},"skip":true},{"start":{"line":136,"column":26},"end":{"line":136,"column":54},"skip":true}]},"17":{"line":164,"type":"binary-expr","locations":[{"start":{"line":164,"column":27},"end":{"line":164,"column":43},"skip":true},{"start":{"line":164,"column":47},"end":{"line":164,"column":49},"skip":true}]},"18":{"line":258,"type":"if","locations":[{"start":{"line":258,"column":8},"end":{"line":258,"column":8},"skip":true},{"start":{"line":258,"column":8},"end":{"line":258,"column":8},"skip":true}]},"19":{"line":275,"type":"switch","locations":[{"start":{"line":276,"column":20},"end":{"line":277,"column":64},"skip":true},{"start":{"line":278,"column":20},"end":{"line":279,"column":40},"skip":true},{"start":{"line":280,"column":20},"end":{"line":281,"column":40},"skip":true},{"start":{"line":282,"column":20},"end":{"line":283,"column":39},"skip":true}]},"20":{"line":288,"type":"if","locations":[{"start":{"line":288,"column":8},"end":{"line":288,"column":8},"skip":true},{"start":{"line":288,"column":8},"end":{"line":288,"column":8},"skip":true}]},"21":{"line":288,"type":"binary-expr","locations":[{"start":{"line":288,"column":12},"end":{"line":288,"column":40},"skip":true},{"start":{"line":288,"column":44},"end":{"line":288,"column":67},"skip":true}]},"22":{"line":292,"type":"binary-expr","locations":[{"start":{"line":292,"column":12},"end":{"line":292,"column":50},"skip":true},{"start":{"line":293,"column":12},"end":{"line":293,"column":53},"skip":true}]},"23":{"line":295,"type":"binary-expr","locations":[{"start":{"line":295,"column":12},"end":{"line":295,"column":64},"skip":true},{"start":{"line":296,"column":12},"end":{"line":301,"column":36},"skip":true}]},"24":{"line":302,"type":"binary-expr","locations":[{"start":{"line":302,"column":43},"end":{"line":302,"column":75},"skip":true},{"start":{"line":302,"column":79},"end":{"line":302,"column":81},"skip":true}]},"25":{"line":305,"type":"if","locations":[{"start":{"line":305,"column":8},"end":{"line":305,"column":8},"skip":true},{"start":{"line":305,"column":8},"end":{"line":305,"column":8},"skip":true}]},"26":{"line":309,"type":"if","locations":[{"start":{"line":309,"column":8},"end":{"line":309,"column":8},"skip":true},{"start":{"line":309,"column":8},"end":{"line":309,"column":8},"skip":true}]},"27":{"line":312,"type":"binary-expr","locations":[{"start":{"line":312,"column":27},"end":{"line":312,"column":43},"skip":true},{"start":{"line":312,"column":47},"end":{"line":312,"column":53},"skip":true}]},"28":{"line":316,"type":"if","locations":[{"start":{"line":316,"column":12},"end":{"line":316,"column":12},"skip":true},{"start":{"line":316,"column":12},"end":{"line":316,"column":12},"skip":true}]}},"code":["/*","example.js","","quickstart example","","instruction","    1. save this script as example.js","    2. run the shell command:","        $ npm install npmtest-zombie && PORT=8081 node example.js","    3. play with the browser-demo on http://127.0.0.1:8081","*/","","","","/* istanbul instrument in package npmtest_zombie */","/*jslint","    bitwise: true,","    browser: true,","    maxerr: 8,","    maxlen: 96,","    node: true,","    nomen: true,","    regexp: true,","    stupid: true","*/","(function () {","    'use strict';","    var local;","","","","    // run shared js-env code - pre-init","    (function () {","        // init local","        local = {};","        // init modeJs","        local.modeJs = (function () {","            try {","                return typeof navigator.userAgent === 'string' &&","                    typeof document.querySelector('body') === 'object' &&","                    typeof XMLHttpRequest.prototype.open === 'function' &&","                    'browser';","            } catch (errorCaughtBrowser) {","                return module.exports &&","                    typeof process.versions.node === 'string' &&","                    typeof require('http').createServer === 'function' &&","                    'node';","            }","        }());","        // init global","        local.global = local.modeJs === 'browser'","            ? window","            : global;","        // init utility2_rollup","        local = local.global.utility2_rollup || (local.modeJs === 'browser'","            ? local.global.utility2_npmtest_zombie","            : global.utility2_moduleExports);","        // export local","        local.global.local = local;","    }());","    switch (local.modeJs) {","","","","    // post-init","    // run browser js-env code - post-init","    /* istanbul ignore next */","    case 'browser':","        local.testRunBrowser = function (event) {","            if (!event || (event &&","                    event.currentTarget &&","                    event.currentTarget.className &&","                    event.currentTarget.className.includes &&","                    event.currentTarget.className.includes('onreset'))) {","                // reset output","                Array.from(","                    document.querySelectorAll('body > .resettable')","                ).forEach(function (element) {","                    switch (element.tagName) {","                    case 'INPUT':","                    case 'TEXTAREA':","                        element.value = '';","                        break;","                    default:","                        element.textContent = '';","                    }","                });","            }","            switch (event && event.currentTarget && event.currentTarget.id) {","            case 'testRunButton1':","                // show tests","                if (document.querySelector('#testReportDiv1').style.display === 'none') {","                    document.querySelector('#testReportDiv1').style.display = 'block';","                    document.querySelector('#testRunButton1').textContent =","                        'hide internal test';","                    local.modeTest = true;","                    local.testRunDefault(local);","                // hide tests","                } else {","                    document.querySelector('#testReportDiv1').style.display = 'none';","                    document.querySelector('#testRunButton1').textContent = 'run internal test';","                }","                break;","            // custom-case","            default:","                break;","            }","            if (document.querySelector('#inputTextareaEval1') && (!event || (event &&","                    event.currentTarget &&","                    event.currentTarget.className &&","                    event.currentTarget.className.includes &&","                    event.currentTarget.className.includes('oneval')))) {","                // try to eval input-code","                try {","                    /*jslint evil: true*/","                    eval(document.querySelector('#inputTextareaEval1').value);","                } catch (errorCaught) {","                    console.error(errorCaught);","                }","            }","        };","        // log stderr and stdout to #outputTextareaStdout1","        ['error', 'log'].forEach(function (key) {","            console[key + '_original'] = console[key];","            console[key] = function () {","                var element;","                console[key + '_original'].apply(console, arguments);","                element = document.querySelector('#outputTextareaStdout1');","                if (!element) {","                    return;","                }","                // append text to #outputTextareaStdout1","                element.value += Array.from(arguments).map(function (arg) {","                    return typeof arg === 'string'","                        ? arg","                        : JSON.stringify(arg, null, 4);","                }).join(' ') + '\\n';","                // scroll textarea to bottom","                element.scrollTop = element.scrollHeight;","            };","        });","        // init event-handling","        ['change', 'click', 'keyup'].forEach(function (event) {","            Array.from(document.querySelectorAll('.on' + event)).forEach(function (element) {","                element.addEventListener(event, local.testRunBrowser);","            });","        });","        // run tests","        local.testRunBrowser();","        break;","","","","    // run node js-env code - post-init","    /* istanbul ignore next */","    case 'node':","        // export local","        module.exports = local;","        // require modules","        local.fs = require('fs');","        local.http = require('http');","        local.url = require('url');","        // init assets","        local.assetsDict = local.assetsDict || {};","        /* jslint-ignore-begin */","        local.assetsDict['/assets.index.template.html'] = '\\","<!doctype html>\\n\\","<html lang=\"en\">\\n\\","<head>\\n\\","<meta charset=\"UTF-8\">\\n\\","<meta name=\"viewport\" content=\"width=device-width, initial-scale=1\">\\n\\","<title>{{env.npm_package_name}} (v{{env.npm_package_version}})</title>\\n\\","<style>\\n\\","/*csslint\\n\\","    box-sizing: false,\\n\\","    universal-selector: false\\n\\","*/\\n\\","* {\\n\\","    box-sizing: border-box;\\n\\","}\\n\\","body {\\n\\","    background: #dde;\\n\\","    font-family: Arial, Helvetica, sans-serif;\\n\\","    margin: 2rem;\\n\\","}\\n\\","body > * {\\n\\","    margin-bottom: 1rem;\\n\\","}\\n\\",".utility2FooterDiv {\\n\\","    margin-top: 20px;\\n\\","    text-align: center;\\n\\","}\\n\\","</style>\\n\\","<style>\\n\\","/*csslint\\n\\","*/\\n\\","textarea {\\n\\","    font-family: monospace;\\n\\","    height: 10rem;\\n\\","    width: 100%;\\n\\","}\\n\\","textarea[readonly] {\\n\\","    background: #ddd;\\n\\","}\\n\\","</style>\\n\\","</head>\\n\\","<body>\\n\\","<!-- utility2-comment\\n\\","<div id=\"ajaxProgressDiv1\" style=\"background: #d00; height: 2px; left: 0; margin: 0; padding: 0; position: fixed; top: 0; transition: background 0.5s, width 1.5s; width: 25%;\"></div>\\n\\","utility2-comment -->\\n\\","<h1>\\n\\","<!-- utility2-comment\\n\\","    <a\\n\\","        {{#if env.npm_package_homepage}}\\n\\","        href=\"{{env.npm_package_homepage}}\"\\n\\","        {{/if env.npm_package_homepage}}\\n\\","        target=\"_blank\"\\n\\","    >\\n\\","utility2-comment -->\\n\\","        {{env.npm_package_name}} (v{{env.npm_package_version}})\\n\\","<!-- utility2-comment\\n\\","    </a>\\n\\","utility2-comment -->\\n\\","</h1>\\n\\","<h3>{{env.npm_package_description}}</h3>\\n\\","<!-- utility2-comment\\n\\","<h4><a download href=\"assets.app.js\">download standalone app</a></h4>\\n\\","<button class=\"onclick onreset\" id=\"testRunButton1\">run internal test</button><br>\\n\\","<div id=\"testReportDiv1\" style=\"display: none;\"></div>\\n\\","utility2-comment -->\\n\\","\\n\\","\\n\\","\\n\\","<label>stderr and stdout</label>\\n\\","<textarea class=\"resettable\" id=\"outputTextareaStdout1\" readonly></textarea>\\n\\","<!-- utility2-comment\\n\\","{{#if isRollup}}\\n\\","<script src=\"assets.app.js\"></script>\\n\\","{{#unless isRollup}}\\n\\","utility2-comment -->\\n\\","<script src=\"assets.utility2.rollup.js\"></script>\\n\\","<script src=\"jsonp.utility2._stateInit?callback=window.utility2._stateInit\"></script>\\n\\","<script src=\"assets.npmtest_zombie.rollup.js\"></script>\\n\\","<script src=\"assets.example.js\"></script>\\n\\","<script src=\"assets.test.js\"></script>\\n\\","<!-- utility2-comment\\n\\","{{/if isRollup}}\\n\\","utility2-comment -->\\n\\","<div class=\"utility2FooterDiv\">\\n\\","    [ this app was created with\\n\\","    <a href=\"https://github.com/kaizhu256/node-utility2\" target=\"_blank\">utility2</a>\\n\\","    ]\\n\\","</div>\\n\\","</body>\\n\\","</html>\\n\\","';","        /* jslint-ignore-end */","        if (local.templateRender) {","            local.assetsDict['/'] = local.templateRender(","                local.assetsDict['/assets.index.template.html'],","                {","                    env: local.objectSetDefault(local.env, {","                        npm_package_description: 'the greatest app in the world!',","                        npm_package_name: 'my-app',","                        npm_package_nameAlias: 'my_app',","                        npm_package_version: '0.0.1'","                    })","                }","            );","        } else {","            local.assetsDict['/'] = local.assetsDict['/assets.index.template.html']","                .replace((/\\{\\{env\\.(\\w+?)\\}\\}/g), function (match0, match1) {","                    // jslint-hack","                    String(match0);","                    switch (match1) {","                    case 'npm_package_description':","                        return 'the greatest app in the world!';","                    case 'npm_package_name':","                        return 'my-app';","                    case 'npm_package_nameAlias':","                        return 'my_app';","                    case 'npm_package_version':","                        return '0.0.1';","                    }","                });","        }","        // run the cli","        if (local.global.utility2_rollup || module !== require.main) {","            break;","        }","        local.assetsDict['/assets.example.js'] =","            local.assetsDict['/assets.example.js'] ||","            local.fs.readFileSync(__filename, 'utf8');","        local.assetsDict['/assets.npmtest_zombie.rollup.js'] =","            local.assetsDict['/assets.npmtest_zombie.rollup.js'] ||","            local.fs.readFileSync(","                // buildCustomOrg-hack","                local.npmtest_zombie.__dirname +","                    '/lib.npmtest_zombie.js',","                'utf8'","            ).replace((/^#!/), '//');","        local.assetsDict['/favicon.ico'] = local.assetsDict['/favicon.ico'] || '';","        // if $npm_config_timeout_exit exists,","        // then exit this process after $npm_config_timeout_exit ms","        if (Number(process.env.npm_config_timeout_exit)) {","            setTimeout(process.exit, Number(process.env.npm_config_timeout_exit));","        }","        // start server","        if (local.global.utility2_serverHttp1) {","            break;","        }","        process.env.PORT = process.env.PORT || '8081';","        console.error('server starting on port ' + process.env.PORT);","        local.http.createServer(function (request, response) {","            request.urlParsed = local.url.parse(request.url);","            if (local.assetsDict[request.urlParsed.pathname] !== undefined) {","                response.end(local.assetsDict[request.urlParsed.pathname]);","                return;","            }","            response.statusCode = 404;","            response.end();","        }).listen(process.env.PORT);","        break;","    }","}());",""],"l":{"26":2,"28":2,"33":2,"35":2,"37":2,"38":2,"39":2,"44":1,"51":2,"55":2,"59":2,"61":2,"69":1,"70":2,"76":2,"79":2,"82":2,"83":2,"85":1,"89":2,"92":1,"93":1,"94":1,"96":1,"97":1,"100":1,"101":1,"103":1,"106":1,"108":2,"114":1,"116":1,"118":1,"123":1,"124":2,"125":2,"126":2,"127":2,"128":2,"129":2,"130":1,"133":2,"134":2,"139":2,"143":1,"144":3,"145":1,"149":1,"150":1,"158":1,"160":1,"161":1,"162":1,"164":1,"166":1,"258":1,"259":1,"271":1,"274":6,"275":6,"277":1,"279":2,"281":1,"283":2,"288":1,"289":1,"291":1,"294":1,"302":1,"305":1,"306":1,"309":1,"310":1,"312":1,"313":1,"314":1,"315":1,"316":1,"317":1,"318":1,"320":1,"321":1,"323":1}},"/home/travis/build/npmtest/node-npmtest-zombie/node_modules/zombie/lib/index.js":{"path":"/home/travis/build/npmtest/node-npmtest-zombie/node_modules/zombie/lib/index.js","s":{"1":1,"2":1,"3":1,"4":1,"5":1,"6":1,"7":1,"8":1,"9":1,"10":1,"11":1,"12":1,"13":1,"14":1,"15":1,"16":1,"17":1,"18":1,"19":1,"20":1,"21":1,"22":1,"23":1,"24":1,"25":1,"26":1,"27":1,"28":1,"29":1,"30":1,"31":1,"32":1,"33":1,"34":1,"35":1,"36":1,"37":1,"38":1,"39":1,"40":1,"41":1,"42":1,"43":1,"44":0,"45":0,"46":0,"47":0,"48":0,"49":0,"50":0,"51":0,"52":0,"53":0,"54":0,"55":0,"56":0,"57":0,"58":0,"59":0,"60":0,"61":0,"62":0,"63":0,"64":0,"65":0,"66":0,"67":0,"68":0,"69":0,"70":0,"71":0,"72":0,"73":0,"74":0,"75":0,"76":0,"77":0,"78":0,"79":0,"80":0,"81":0,"82":0,"83":0,"84":0,"85":0,"86":0,"87":0,"88":0,"89":0,"90":0,"91":0,"92":0,"93":0,"94":0,"95":0,"96":0,"97":0,"98":0,"99":0,"100":0,"101":0,"102":0,"103":0,"104":0,"105":0,"106":0,"107":0,"108":0,"109":0,"110":0,"111":0,"112":0,"113":0,"114":0,"115":0,"116":0,"117":0,"118":0,"119":0,"120":0,"121":0,"122":0,"123":0,"124":0,"125":0,"126":0,"127":0,"128":0,"129":0,"130":0,"131":0,"132":0,"133":0,"134":0,"135":1,"136":0,"137":0,"138":0,"139":0,"140":0,"141":0,"142":0,"143":0,"144":0,"145":0,"146":0,"147":0,"148":0,"149":0,"150":0,"151":0,"152":0,"153":1,"154":0,"155":0,"156":0,"157":0,"158":0,"159":0,"160":0,"161":0,"162":0,"163":0,"164":0,"165":0,"166":0,"167":0,"168":0,"169":0,"170":0,"171":0,"172":0,"173":0,"174":0,"175":0,"176":0,"177":0,"178":0,"179":0,"180":0,"181":0,"182":0,"183":0,"184":0,"185":0,"186":0,"187":0,"188":0,"189":0,"190":0,"191":0,"192":0,"193":0,"194":0,"195":0,"196":0,"197":0,"198":0,"199":0,"200":0,"201":0,"202":0,"203":0,"204":0,"205":0,"206":0,"207":0,"208":0,"209":0,"210":0,"211":0,"212":0,"213":0,"214":0,"215":0,"216":0,"217":0,"218":0,"219":0,"220":0,"221":0,"222":0,"223":0,"224":0,"225":0,"226":0,"227":0,"228":0,"229":0,"230":0,"231":0,"232":0,"233":0,"234":0,"235":0,"236":0,"237":0,"238":0,"239":0,"240":0,"241":0,"242":0,"243":0,"244":0,"245":0,"246":0,"247":0,"248":0,"249":0,"250":0,"251":0,"252":0,"253":0,"254":0,"255":0,"256":0,"257":0,"258":0,"259":0,"260":0,"261":0,"262":0,"263":0,"264":0,"265":0,"266":0,"267":0,"268":0,"269":0,"270":0,"271":0,"272":0,"273":0,"274":0,"275":0,"276":0,"277":0,"278":0,"279":0,"280":0,"281":0,"282":0,"283":0,"284":0,"285":0,"286":0,"287":0,"288":0,"289":0,"290":0,"291":0,"292":0,"293":0,"294":0,"295":0,"296":0,"297":0,"298":0,"299":0,"300":0,"301":0,"302":0,"303":0,"304":0,"305":0,"306":0,"307":0,"308":0,"309":0,"310":0,"311":0,"312":0,"313":0,"314":0,"315":0,"316":0,"317":0,"318":0,"319":0,"320":0,"321":0,"322":0,"323":0,"324":0,"325":0,"326":0,"327":0,"328":0,"329":0,"330":0,"331":0,"332":0,"333":0,"334":0,"335":0,"336":0,"337":0,"338":0,"339":0,"340":0,"341":0,"342":0,"343":0,"344":0,"345":0,"346":0,"347":0,"348":0,"349":0,"350":0,"351":0,"352":0,"353":0,"354":0,"355":0,"356":0,"357":0,"358":0,"359":0,"360":0,"361":0,"362":0,"363":0,"364":0,"365":0,"366":0,"367":0,"368":0,"369":0,"370":0,"371":0,"372":0,"373":0,"374":0,"375":0,"376":0,"377":0,"378":0,"379":0,"380":0,"381":0,"382":0,"383":0,"384":0,"385":0,"386":0,"387":0,"388":0,"389":0,"390":0,"391":0,"392":0,"393":0,"394":0,"395":0,"396":0,"397":0,"398":0,"399":0,"400":0,"401":0,"402":0,"403":0,"404":0,"405":0,"406":0,"407":0,"408":0,"409":0,"410":0,"411":0,"412":0,"413":0,"414":0,"415":0,"416":0,"417":0,"418":0,"419":0,"420":0,"421":0,"422":0,"423":0,"424":0,"425":0,"426":0,"427":0,"428":0,"429":0,"430":0,"431":0,"432":0,"433":0,"434":0,"435":0,"436":0,"437":0,"438":0,"439":0,"440":0,"441":0,"442":0,"443":0,"444":0,"445":0,"446":0,"447":0,"448":0,"449":0,"450":0,"451":0,"452":0,"453":0,"454":0,"455":0,"456":0,"457":0,"458":0,"459":0,"460":0,"461":0,"462":0,"463":0,"464":0,"465":0,"466":0,"467":0,"468":0,"469":0,"470":0,"471":0,"472":0,"473":0,"474":0,"475":0,"476":0,"477":0,"478":0,"479":0,"480":0,"481":0,"482":0,"483":0,"484":0,"485":0,"486":0,"487":0,"488":0,"489":0,"490":0,"491":0,"492":0,"493":0,"494":0,"495":0,"496":0,"497":0,"498":0,"499":0,"500":0,"501":0,"502":0,"503":0,"504":0,"505":0,"506":0,"507":0,"508":0,"509":0,"510":0,"511":0,"512":0,"513":0,"514":0,"515":0,"516":0,"517":0,"518":0,"519":0,"520":0,"521":0,"522":0,"523":0,"524":0,"525":0,"526":0,"527":0,"528":0,"529":0,"530":0,"531":0,"532":0,"533":0,"534":0,"535":0,"536":0,"537":0,"538":0,"539":0,"540":0,"541":0,"542":0,"543":0,"544":0,"545":0,"546":0,"547":0,"548":0,"549":0,"550":0,"551":0,"552":0,"553":0,"554":0,"555":0,"556":0,"557":0,"558":0,"559":0,"560":0,"561":0,"562":0,"563":0,"564":0,"565":0,"566":0,"567":0,"568":0,"569":0,"570":0,"571":0,"572":0,"573":0,"574":0,"575":0,"576":1,"577":0,"578":0,"579":0,"580":0,"581":0,"582":0,"583":0,"584":0,"585":0,"586":0,"587":0,"588":0,"589":0,"590":0,"591":0,"592":0,"593":0,"594":0,"595":0,"596":0,"597":0,"598":0,"599":0,"600":0,"601":0,"602":0,"603":0,"604":0,"605":0,"606":0,"607":0,"608":0,"609":0,"610":0,"611":0,"612":0,"613":0,"614":0,"615":0,"616":0,"617":0,"618":0,"619":0,"620":0,"621":0,"622":0,"623":0,"624":0,"625":0,"626":0,"627":0,"628":0,"629":0,"630":0,"631":0,"632":0,"633":0,"634":0,"635":0,"636":0,"637":0,"638":0,"639":0,"640":0,"641":1,"642":1},"b":{"1":[0,0],"2":[0,0],"3":[0,0],"4":[0,0],"5":[0,0],"6":[0,0],"7":[0,0],"8":[0,0],"9":[0,0],"10":[0,0],"11":[0,0],"12":[0,0],"13":[0,0],"14":[0,0],"15":[0,0],"16":[0,0],"17":[0,0],"18":[0,0],"19":[0,0],"20":[0,0],"21":[0,0],"22":[0,0],"23":[0,0],"24":[0,0],"25":[0,0],"26":[0,0],"27":[0,0],"28":[0,0],"29":[0,0],"30":[0,0,0,0],"31":[0,0],"32":[0,0],"33":[0,0],"34":[0,0],"35":[0,0],"36":[0,0],"37":[0,0],"38":[0,0],"39":[0,0],"40":[0,0],"41":[0,0],"42":[0,0],"43":[0,0],"44":[0,0],"45":[0,0],"46":[0,0],"47":[0,0],"48":[0,0],"49":[0,0],"50":[0,0],"51":[0,0],"52":[0,0],"53":[0,0],"54":[0,0],"55":[0,0],"56":[0,0],"57":[0,0],"58":[0,0],"59":[0,0],"60":[0,0],"61":[0,0],"62":[0,0],"63":[0,0],"64":[0,0],"65":[0,0],"66":[0,0],"67":[0,0],"68":[0,0],"69":[0,0],"70":[0,0],"71":[0,0],"72":[0,0],"73":[0,0],"74":[0,0],"75":[0,0],"76":[0,0],"77":[0,0],"78":[0,0],"79":[0,0],"80":[0,0],"81":[0,0],"82":[0,0],"83":[0,0],"84":[0,0],"85":[0,0],"86":[0,0],"87":[0,0],"88":[0,0],"89":[0,0],"90":[0,0],"91":[0,0],"92":[0,0],"93":[0,0,0,0],"94":[0,0],"95":[0,0],"96":[0,0],"97":[0,0],"98":[0,0],"99":[0,0],"100":[0,0],"101":[0,0],"102":[0,0],"103":[0,0],"104":[0,0,0],"105":[0,0,0],"106":[0,0],"107":[0,0],"108":[0,0,0],"109":[0,0],"110":[0,0],"111":[0,0],"112":[0,0],"113":[0,0],"114":[0,0],"115":[0,0],"116":[0,0],"117":[0,0],"118":[0,0],"119":[0,0],"120":[0,0],"121":[0,0],"122":[0,0],"123":[0,0],"124":[0,0],"125":[0,0],"126":[0,0,0],"127":[0,0],"128":[0,0],"129":[0,0],"130":[0,0],"131":[0,0],"132":[0,0,0],"133":[0,0],"134":[0,0],"135":[0,0],"136":[0,0],"137":[0,0],"138":[0,0],"139":[0,0],"140":[0,0],"141":[0,0],"142":[0,0],"143":[0,0],"144":[0,0],"145":[0,0],"146":[0,0],"147":[0,0],"148":[0,0],"149":[0,0],"150":[0,0],"151":[0,0,0],"152":[0,0],"153":[0,0],"154":[0,0],"155":[0,0],"156":[0,0],"157":[0,0],"158":[0,0],"159":[0,0],"160":[0,0],"161":[0,0],"162":[0,0],"163":[0,0],"164":[0,0],"165":[0,0],"166":[0,0],"167":[0,0,0],"168":[0,0],"169":[0,0],"170":[0,0],"171":[0,0],"172":[0,0],"173":[0,0],"174":[0,0],"175":[0,0],"176":[0,0],"177":[0,0],"178":[0,0],"179":[0,0],"180":[0,0],"181":[0,0],"182":[0,0],"183":[0,0],"184":[0,0,0],"185":[0,0,0],"186":[0,0],"187":[0,0],"188":[0,0],"189":[0,0],"190":[0,0],"191":[0,0],"192":[0,0],"193":[0,0],"194":[0,0],"195":[0,0]},"f":{"1":1,"2":0,"3":0,"4":0,"5":0,"6":0,"7":0,"8":0,"9":0,"10":0,"11":0,"12":0,"13":0,"14":0,"15":0,"16":0,"17":0,"18":0,"19":0,"20":0,"21":0,"22":0,"23":0,"24":0,"25":0,"26":0,"27":0,"28":0,"29":0,"30":0,"31":0,"32":0,"33":0,"34":0,"35":0,"36":0,"37":0,"38":0,"39":0,"40":0,"41":0,"42":0,"43":0,"44":0,"45":0,"46":0,"47":0,"48":0,"49":0,"50":0,"51":0,"52":0,"53":0,"54":0,"55":0,"56":0,"57":0,"58":0,"59":0,"60":0,"61":0,"62":0,"63":0,"64":0,"65":0,"66":0,"67":0,"68":0,"69":0,"70":0,"71":0,"72":0,"73":0,"74":0,"75":0,"76":0,"77":0,"78":0,"79":0,"80":0,"81":0,"82":0,"83":0,"84":0,"85":0,"86":0,"87":0,"88":0,"89":0,"90":0,"91":0,"92":0,"93":0,"94":0,"95":0,"96":0,"97":0,"98":0,"99":0,"100":0,"101":0,"102":0,"103":0,"104":0,"105":0,"106":0,"107":0,"108":0,"109":0,"110":0,"111":0,"112":0,"113":0,"114":0},"fnMap":{"1":{"name":"(anonymous_1)","line":74,"loc":{"start":{"line":74,"column":15},"end":{"line":74,"column":40}}},"2":{"name":"Browser","line":77,"loc":{"start":{"line":77,"column":2},"end":{"line":77,"column":21}}},"3":{"name":"(anonymous_3)","line":116,"loc":{"start":{"line":116,"column":23},"end":{"line":116,"column":49}}},"4":{"name":"(anonymous_4)","line":118,"loc":{"start":{"line":118,"column":17},"end":{"line":118,"column":29}}},"5":{"name":"(anonymous_5)","line":124,"loc":{"start":{"line":124,"column":23},"end":{"line":124,"column":42}}},"6":{"name":"(anonymous_6)","line":126,"loc":{"start":{"line":126,"column":22},"end":{"line":126,"column":51}}},"7":{"name":"(anonymous_7)","line":128,"loc":{"start":{"line":128,"column":22},"end":{"line":128,"column":51}}},"8":{"name":"(anonymous_8)","line":130,"loc":{"start":{"line":130,"column":20},"end":{"line":130,"column":40}}},"9":{"name":"(anonymous_9)","line":132,"loc":{"start":{"line":132,"column":17},"end":{"line":132,"column":43}}},"10":{"name":"(anonymous_10)","line":137,"loc":{"start":{"line":137,"column":22},"end":{"line":137,"column":40}}},"11":{"name":"(anonymous_11)","line":139,"loc":{"start":{"line":139,"column":20},"end":{"line":139,"column":38}}},"12":{"name":"(anonymous_12)","line":144,"loc":{"start":{"line":144,"column":22},"end":{"line":144,"column":40}}},"13":{"name":"(anonymous_13)","line":155,"loc":{"start":{"line":155,"column":22},"end":{"line":155,"column":40}}},"14":{"name":"(anonymous_14)","line":168,"loc":{"start":{"line":168,"column":20},"end":{"line":168,"column":35}}},"15":{"name":"(anonymous_15)","line":170,"loc":{"start":{"line":170,"column":20},"end":{"line":170,"column":35}}},"16":{"name":"(anonymous_16)","line":175,"loc":{"start":{"line":175,"column":37},"end":{"line":175,"column":58}}},"17":{"name":"(anonymous_17)","line":178,"loc":{"start":{"line":178,"column":25},"end":{"line":178,"column":49}}},"18":{"name":"(anonymous_18)","line":181,"loc":{"start":{"line":181,"column":25},"end":{"line":181,"column":37}}},"19":{"name":"(anonymous_19)","line":184,"loc":{"start":{"line":184,"column":18},"end":{"line":184,"column":38}}},"20":{"name":"(anonymous_20)","line":187,"loc":{"start":{"line":187,"column":19},"end":{"line":187,"column":36}}},"21":{"name":"(anonymous_21)","line":193,"loc":{"start":{"line":193,"column":21},"end":{"line":193,"column":38}}},"22":{"name":"hasFeature","line":261,"loc":{"start":{"line":261,"column":11},"end":{"line":261,"column":37}}},"23":{"name":"fork","line":272,"loc":{"start":{"line":272,"column":11},"end":{"line":272,"column":27}}},"24":{"name":"open","line":284,"loc":{"start":{"line":284,"column":11},"end":{"line":284,"column":27}}},"25":{"name":"wait","line":320,"loc":{"start":{"line":320,"column":11},"end":{"line":320,"column":44}}},"26":{"name":"completionFromElement","line":334,"loc":{"start":{"line":334,"column":6},"end":{"line":334,"column":46}}},"27":{"name":"(anonymous_27)","line":335,"loc":{"start":{"line":335,"column":15},"end":{"line":335,"column":33}}},"28":{"name":"waitForServer","line":355,"loc":{"start":{"line":355,"column":11},"end":{"line":355,"column":53}}},"29":{"name":"(anonymous_29)","line":366,"loc":{"start":{"line":366,"column":44},"end":{"line":366,"column":56}}},"30":{"name":"(anonymous_30)","line":372,"loc":{"start":{"line":372,"column":26},"end":{"line":372,"column":45}}},"31":{"name":"(anonymous_31)","line":373,"loc":{"start":{"line":373,"column":46},"end":{"line":373,"column":58}}},"32":{"name":"_wait","line":383,"loc":{"start":{"line":383,"column":11},"end":{"line":383,"column":45}}},"33":{"name":"lazyResolve","line":392,"loc":{"start":{"line":392,"column":24},"end":{"line":392,"column":47}}},"34":{"name":"then","line":399,"loc":{"start":{"line":399,"column":14},"end":{"line":399,"column":48}}},"35":{"name":"_catch","line":402,"loc":{"start":{"line":402,"column":17},"end":{"line":402,"column":43}}},"36":{"name":"fire","line":419,"loc":{"start":{"line":419,"column":11},"end":{"line":419,"column":56}}},"37":{"name":"click","line":439,"loc":{"start":{"line":439,"column":11},"end":{"line":439,"column":46}}},"38":{"name":"dispatchEvent","line":446,"loc":{"start":{"line":446,"column":11},"end":{"line":446,"column":51}}},"39":{"name":"queryAll","line":461,"loc":{"start":{"line":461,"column":11},"end":{"line":461,"column":31}}},"40":{"name":"query","line":480,"loc":{"start":{"line":480,"column":11},"end":{"line":480,"column":28}}},"41":{"name":"$$","line":493,"loc":{"start":{"line":493,"column":11},"end":{"line":493,"column":42}}},"42":{"name":"querySelector","line":506,"loc":{"start":{"line":506,"column":11},"end":{"line":506,"column":44}}},"43":{"name":"querySelectorAll","line":520,"loc":{"start":{"line":520,"column":11},"end":{"line":520,"column":47}}},"44":{"name":"text","line":535,"loc":{"start":{"line":535,"column":11},"end":{"line":535,"column":27}}},"45":{"name":"(anonymous_45)","line":541,"loc":{"start":{"line":541,"column":85},"end":{"line":541,"column":101}}},"46":{"name":"html","line":556,"loc":{"start":{"line":556,"column":11},"end":{"line":556,"column":27}}},"47":{"name":"(anonymous_47)","line":562,"loc":{"start":{"line":562,"column":85},"end":{"line":562,"column":101}}},"48":{"name":"xpath","line":573,"loc":{"start":{"line":573,"column":11},"end":{"line":573,"column":38}}},"49":{"name":"destroy","line":591,"loc":{"start":{"line":591,"column":11},"end":{"line":591,"column":30}}},"50":{"name":"visit","line":606,"loc":{"start":{"line":606,"column":11},"end":{"line":606,"column":50}}},"51":{"name":"load","line":629,"loc":{"start":{"line":629,"column":11},"end":{"line":629,"column":41}}},"52":{"name":"link","line":645,"loc":{"start":{"line":645,"column":11},"end":{"line":645,"column":35}}},"53":{"name":"clickLink","line":693,"loc":{"start":{"line":693,"column":11},"end":{"line":693,"column":50}}},"54":{"name":"back","line":704,"loc":{"start":{"line":704,"column":11},"end":{"line":704,"column":35}}},"55":{"name":"reload","line":712,"loc":{"start":{"line":712,"column":11},"end":{"line":712,"column":37}}},"56":{"name":"saveHistory","line":722,"loc":{"start":{"line":722,"column":11},"end":{"line":722,"column":34}}},"57":{"name":"loadHistory","line":731,"loc":{"start":{"line":731,"column":11},"end":{"line":731,"column":44}}},"58":{"name":"field","line":745,"loc":{"start":{"line":745,"column":11},"end":{"line":745,"column":36}}},"59":{"name":"focus","line":822,"loc":{"start":{"line":822,"column":11},"end":{"line":822,"column":36}}},"60":{"name":"fill","line":839,"loc":{"start":{"line":839,"column":11},"end":{"line":839,"column":42}}},"61":{"name":"_setCheckbox","line":855,"loc":{"start":{"line":855,"column":11},"end":{"line":855,"column":50}}},"62":{"name":"check","line":874,"loc":{"start":{"line":874,"column":11},"end":{"line":874,"column":36}}},"63":{"name":"uncheck","line":887,"loc":{"start":{"line":887,"column":11},"end":{"line":887,"column":38}}},"64":{"name":"choose","line":900,"loc":{"start":{"line":900,"column":11},"end":{"line":900,"column":37}}},"65":{"name":"_findOption","line":909,"loc":{"start":{"line":909,"column":11},"end":{"line":909,"column":49}}},"66":{"name":"select","line":1004,"loc":{"start":{"line":1004,"column":11},"end":{"line":1004,"column":44}}},"67":{"name":"selectOption","line":1019,"loc":{"start":{"line":1019,"column":11},"end":{"line":1019,"column":43}}},"68":{"name":"unselect","line":1040,"loc":{"start":{"line":1040,"column":11},"end":{"line":1040,"column":46}}},"69":{"name":"unselectOption","line":1055,"loc":{"start":{"line":1055,"column":11},"end":{"line":1055,"column":45}}},"70":{"name":"attach","line":1074,"loc":{"start":{"line":1074,"column":11},"end":{"line":1074,"column":47}}},"71":{"name":"button","line":1108,"loc":{"start":{"line":1108,"column":11},"end":{"line":1108,"column":37}}},"72":{"name":"pressButton","line":1205,"loc":{"start":{"line":1205,"column":11},"end":{"line":1205,"column":52}}},"73":{"name":"getCookie","line":1231,"loc":{"start":{"line":1231,"column":11},"end":{"line":1231,"column":57}}},"74":{"name":"deleteCookie","line":1255,"loc":{"start":{"line":1255,"column":11},"end":{"line":1255,"column":45}}},"75":{"name":"setCookie","line":1282,"loc":{"start":{"line":1282,"column":11},"end":{"line":1282,"column":52}}},"76":{"name":"deleteCookies","line":1309,"loc":{"start":{"line":1309,"column":11},"end":{"line":1309,"column":36}}},"77":{"name":"saveCookies","line":1317,"loc":{"start":{"line":1317,"column":11},"end":{"line":1317,"column":34}}},"78":{"name":"loadCookies","line":1351,"loc":{"start":{"line":1351,"column":11},"end":{"line":1351,"column":44}}},"79":{"name":"_cookieProperties","line":1382,"loc":{"start":{"line":1382,"column":11},"end":{"line":1382,"column":46}}},"80":{"name":"_cookieIdentifier","line":1398,"loc":{"start":{"line":1398,"column":11},"end":{"line":1398,"column":50}}},"81":{"name":"localStorage","line":1415,"loc":{"start":{"line":1415,"column":11},"end":{"line":1415,"column":39}}},"82":{"name":"sessionStorage","line":1423,"loc":{"start":{"line":1423,"column":11},"end":{"line":1423,"column":41}}},"83":{"name":"saveStorage","line":1431,"loc":{"start":{"line":1431,"column":11},"end":{"line":1431,"column":34}}},"84":{"name":"loadStorage","line":1438,"loc":{"start":{"line":1438,"column":11},"end":{"line":1438,"column":44}}},"85":{"name":"evaluate","line":1452,"loc":{"start":{"line":1452,"column":11},"end":{"line":1452,"column":45}}},"86":{"name":"fetch","line":1462,"loc":{"start":{"line":1462,"column":11},"end":{"line":1462,"column":39}}},"87":{"name":"debug","line":1474,"loc":{"start":{"line":1474,"column":11},"end":{"line":1474,"column":28}}},"88":{"name":"log","line":1488,"loc":{"start":{"line":1488,"column":11},"end":{"line":1488,"column":26}}},"89":{"name":"dump","line":1501,"loc":{"start":{"line":1501,"column":11},"end":{"line":1501,"column":27}}},"90":{"name":"indent","line":1504,"loc":{"start":{"line":1504,"column":6},"end":{"line":1504,"column":29}}},"91":{"name":"(anonymous_91)","line":1505,"loc":{"start":{"line":1505,"column":25},"end":{"line":1505,"column":41}}},"92":{"name":"get","line":1539,"loc":{"start":{"line":1539,"column":9},"end":{"line":1539,"column":24}}},"93":{"name":"get","line":1544,"loc":{"start":{"line":1544,"column":9},"end":{"line":1544,"column":24}}},"94":{"name":"get","line":1549,"loc":{"start":{"line":1549,"column":9},"end":{"line":1549,"column":24}}},"95":{"name":"get","line":1558,"loc":{"start":{"line":1558,"column":9},"end":{"line":1558,"column":24}}},"96":{"name":"get","line":1565,"loc":{"start":{"line":1565,"column":9},"end":{"line":1565,"column":24}}},"97":{"name":"get","line":1570,"loc":{"start":{"line":1570,"column":9},"end":{"line":1570,"column":24}}},"98":{"name":"set","line":1577,"loc":{"start":{"line":1577,"column":9},"end":{"line":1577,"column":27}}},"99":{"name":"get","line":1586,"loc":{"start":{"line":1586,"column":9},"end":{"line":1586,"column":24}}},"100":{"name":"get","line":1591,"loc":{"start":{"line":1591,"column":9},"end":{"line":1591,"column":24}}},"101":{"name":"get","line":1597,"loc":{"start":{"line":1597,"column":9},"end":{"line":1597,"column":24}}},"102":{"name":"get","line":1604,"loc":{"start":{"line":1604,"column":9},"end":{"line":1604,"column":24}}},"103":{"name":"get","line":1611,"loc":{"start":{"line":1611,"column":9},"end":{"line":1611,"column":24}}},"104":{"name":"get","line":1618,"loc":{"start":{"line":1618,"column":9},"end":{"line":1618,"column":24}}},"105":{"name":"get","line":1625,"loc":{"start":{"line":1625,"column":9},"end":{"line":1625,"column":24}}},"106":{"name":"get","line":1632,"loc":{"start":{"line":1632,"column":9},"end":{"line":1632,"column":24}}},"107":{"name":"get","line":1641,"loc":{"start":{"line":1641,"column":9},"end":{"line":1641,"column":24}}},"108":{"name":"get","line":1650,"loc":{"start":{"line":1650,"column":9},"end":{"line":1650,"column":24}}},"109":{"name":"visit","line":1657,"loc":{"start":{"line":1657,"column":11},"end":{"line":1657,"column":50}}},"110":{"name":"(anonymous_110)","line":1664,"loc":{"start":{"line":1664,"column":39},"end":{"line":1664,"column":56}}},"111":{"name":"(anonymous_111)","line":1666,"loc":{"start":{"line":1666,"column":45},"end":{"line":1666,"column":57}}},"112":{"name":"localhost","line":1676,"loc":{"start":{"line":1676,"column":11},"end":{"line":1676,"column":46}}},"113":{"name":"extend","line":1696,"loc":{"start":{"line":1696,"column":11},"end":{"line":1696,"column":38}}},"114":{"name":"_enableDebugging","line":1703,"loc":{"start":{"line":1703,"column":11},"end":{"line":1703,"column":39}}}},"statementMap":{"1":{"start":{"line":3,"column":0},"end":{"line":3,"column":59}},"2":{"start":{"line":5,"column":0},"end":{"line":5,"column":69}},"3":{"start":{"line":7,"column":0},"end":{"line":7,"column":76}},"4":{"start":{"line":9,"column":0},"end":{"line":9,"column":83}},"5":{"start":{"line":11,"column":0},"end":{"line":11,"column":89}},"6":{"start":{"line":13,"column":0},"end":{"line":13,"column":81}},"7":{"start":{"line":15,"column":0},"end":{"line":15,"column":76}},"8":{"start":{"line":17,"column":0},"end":{"line":17,"column":67}},"9":{"start":{"line":19,"column":0},"end":{"line":19,"column":73}},"10":{"start":{"line":21,"column":0},"end":{"line":21,"column":17}},"11":{"start":{"line":23,"column":0},"end":{"line":23,"column":31}},"12":{"start":{"line":24,"column":0},"end":{"line":24,"column":33}},"13":{"start":{"line":25,"column":0},"end":{"line":25,"column":35}},"14":{"start":{"line":26,"column":0},"end":{"line":26,"column":29}},"15":{"start":{"line":27,"column":0},"end":{"line":27,"column":35}},"16":{"start":{"line":28,"column":0},"end":{"line":28,"column":35}},"17":{"start":{"line":29,"column":0},"end":{"line":29,"column":29}},"18":{"start":{"line":30,"column":0},"end":{"line":30,"column":27}},"19":{"start":{"line":32,"column":0},"end":{"line":32,"column":33}},"20":{"start":{"line":34,"column":0},"end":{"line":34,"column":41}},"21":{"start":{"line":36,"column":0},"end":{"line":36,"column":39}},"22":{"start":{"line":38,"column":0},"end":{"line":38,"column":32}},"23":{"start":{"line":40,"column":0},"end":{"line":40,"column":30}},"24":{"start":{"line":42,"column":0},"end":{"line":42,"column":31}},"25":{"start":{"line":43,"column":0},"end":{"line":43,"column":25}},"26":{"start":{"line":44,"column":0},"end":{"line":44,"column":27}},"27":{"start":{"line":45,"column":0},"end":{"line":45,"column":23}},"28":{"start":{"line":46,"column":0},"end":{"line":46,"column":27}},"29":{"start":{"line":47,"column":0},"end":{"line":47,"column":37}},"30":{"start":{"line":48,"column":0},"end":{"line":48,"column":35}},"31":{"start":{"line":49,"column":0},"end":{"line":49,"column":36}},"32":{"start":{"line":50,"column":0},"end":{"line":50,"column":36}},"33":{"start":{"line":51,"column":0},"end":{"line":51,"column":26}},"34":{"start":{"line":53,"column":0},"end":{"line":53,"column":25}},"35":{"start":{"line":54,"column":0},"end":{"line":54,"column":45}},"36":{"start":{"line":55,"column":0},"end":{"line":55,"column":73}},"37":{"start":{"line":58,"column":0},"end":{"line":58,"column":62}},"38":{"start":{"line":61,"column":0},"end":{"line":61,"column":169}},"39":{"start":{"line":66,"column":0},"end":{"line":66,"column":54}},"40":{"start":{"line":68,"column":0},"end":{"line":68,"column":62}},"41":{"start":{"line":74,"column":0},"end":{"line":1834,"column":17}},"42":{"start":{"line":75,"column":2},"end":{"line":75,"column":36}},"43":{"start":{"line":77,"column":2},"end":{"line":251,"column":3}},"44":{"start":{"line":78,"column":4},"end":{"line":78,"column":21}},"45":{"start":{"line":80,"column":4},"end":{"line":80,"column":90}},"46":{"start":{"line":82,"column":4},"end":{"line":82,"column":35}},"47":{"start":{"line":84,"column":4},"end":{"line":84,"column":83}},"48":{"start":{"line":86,"column":4},"end":{"line":86,"column":35}},"49":{"start":{"line":87,"column":4},"end":{"line":87,"column":33}},"50":{"start":{"line":89,"column":4},"end":{"line":89,"column":37}},"51":{"start":{"line":91,"column":4},"end":{"line":91,"column":25}},"52":{"start":{"line":93,"column":4},"end":{"line":93,"column":31}},"53":{"start":{"line":95,"column":4},"end":{"line":95,"column":39}},"54":{"start":{"line":98,"column":4},"end":{"line":98,"column":42}},"55":{"start":{"line":101,"column":4},"end":{"line":101,"column":21}},"56":{"start":{"line":103,"column":4},"end":{"line":103,"column":36}},"57":{"start":{"line":108,"column":4},"end":{"line":108,"column":31}},"58":{"start":{"line":110,"column":4},"end":{"line":110,"column":33}},"59":{"start":{"line":116,"column":4},"end":{"line":121,"column":7}},"60":{"start":{"line":117,"column":6},"end":{"line":117,"column":80}},"61":{"start":{"line":117,"column":24},"end":{"line":117,"column":54}},"62":{"start":{"line":117,"column":59},"end":{"line":117,"column":80}},"63":{"start":{"line":120,"column":6},"end":{"line":120,"column":55}},"64":{"start":{"line":124,"column":4},"end":{"line":134,"column":7}},"65":{"start":{"line":125,"column":6},"end":{"line":125,"column":21}},"66":{"start":{"line":127,"column":6},"end":{"line":127,"column":81}},"67":{"start":{"line":129,"column":6},"end":{"line":129,"column":117}},"68":{"start":{"line":131,"column":6},"end":{"line":131,"column":65}},"69":{"start":{"line":133,"column":6},"end":{"line":133,"column":48}},"70":{"start":{"line":137,"column":4},"end":{"line":141,"column":7}},"71":{"start":{"line":138,"column":6},"end":{"line":138,"column":83}},"72":{"start":{"line":140,"column":6},"end":{"line":140,"column":83}},"73":{"start":{"line":144,"column":4},"end":{"line":165,"column":7}},"74":{"start":{"line":146,"column":6},"end":{"line":146,"column":63}},"75":{"start":{"line":147,"column":6},"end":{"line":147,"column":48}},"76":{"start":{"line":148,"column":6},"end":{"line":148,"column":37}},"77":{"start":{"line":150,"column":6},"end":{"line":154,"column":7}},"78":{"start":{"line":151,"column":8},"end":{"line":151,"column":66}},"79":{"start":{"line":152,"column":8},"end":{"line":152,"column":51}},"80":{"start":{"line":153,"column":8},"end":{"line":153,"column":63}},"81":{"start":{"line":157,"column":6},"end":{"line":161,"column":7}},"82":{"start":{"line":158,"column":8},"end":{"line":158,"column":65}},"83":{"start":{"line":159,"column":8},"end":{"line":159,"column":49}},"84":{"start":{"line":160,"column":8},"end":{"line":160,"column":62}},"85":{"start":{"line":162,"column":6},"end":{"line":162,"column":62}},"86":{"start":{"line":163,"column":6},"end":{"line":163,"column":46}},"87":{"start":{"line":164,"column":6},"end":{"line":164,"column":36}},"88":{"start":{"line":168,"column":4},"end":{"line":172,"column":7}},"89":{"start":{"line":169,"column":6},"end":{"line":169,"column":45}},"90":{"start":{"line":171,"column":6},"end":{"line":171,"column":45}},"91":{"start":{"line":175,"column":4},"end":{"line":189,"column":7}},"92":{"start":{"line":176,"column":6},"end":{"line":176,"column":63}},"93":{"start":{"line":177,"column":6},"end":{"line":177,"column":42}},"94":{"start":{"line":179,"column":6},"end":{"line":179,"column":61}},"95":{"start":{"line":180,"column":6},"end":{"line":180,"column":46}},"96":{"start":{"line":182,"column":6},"end":{"line":182,"column":45}},"97":{"start":{"line":183,"column":6},"end":{"line":183,"column":32}},"98":{"start":{"line":185,"column":6},"end":{"line":185,"column":98}},"99":{"start":{"line":185,"column":20},"end":{"line":185,"column":57}},"100":{"start":{"line":185,"column":62},"end":{"line":185,"column":98}},"101":{"start":{"line":186,"column":6},"end":{"line":186,"column":25}},"102":{"start":{"line":188,"column":6},"end":{"line":188,"column":33}},"103":{"start":{"line":193,"column":4},"end":{"line":196,"column":7}},"104":{"start":{"line":194,"column":6},"end":{"line":194,"column":31}},"105":{"start":{"line":195,"column":6},"end":{"line":195,"column":32}},"106":{"start":{"line":199,"column":4},"end":{"line":199,"column":28}},"107":{"start":{"line":200,"column":4},"end":{"line":200,"column":41}},"108":{"start":{"line":201,"column":4},"end":{"line":201,"column":34}},"109":{"start":{"line":202,"column":4},"end":{"line":202,"column":35}},"110":{"start":{"line":204,"column":4},"end":{"line":225,"column":5}},"111":{"start":{"line":205,"column":6},"end":{"line":209,"column":7}},"112":{"start":{"line":206,"column":8},"end":{"line":206,"column":32}},"113":{"start":{"line":208,"column":8},"end":{"line":208,"column":94}},"114":{"start":{"line":213,"column":6},"end":{"line":213,"column":31}},"115":{"start":{"line":214,"column":6},"end":{"line":214,"column":27}},"116":{"start":{"line":216,"column":6},"end":{"line":224,"column":7}},"117":{"start":{"line":217,"column":8},"end":{"line":219,"column":9}},"118":{"start":{"line":218,"column":10},"end":{"line":218,"column":32}},"119":{"start":{"line":221,"column":8},"end":{"line":223,"column":9}},"120":{"start":{"line":222,"column":10},"end":{"line":222,"column":31}},"121":{"start":{"line":227,"column":4},"end":{"line":227,"column":42}},"122":{"start":{"line":228,"column":4},"end":{"line":228,"column":35}},"123":{"start":{"line":229,"column":4},"end":{"line":229,"column":36}},"124":{"start":{"line":231,"column":4},"end":{"line":250,"column":5}},"125":{"start":{"line":232,"column":6},"end":{"line":236,"column":7}},"126":{"start":{"line":233,"column":8},"end":{"line":233,"column":37}},"127":{"start":{"line":235,"column":8},"end":{"line":235,"column":24}},"128":{"start":{"line":238,"column":6},"end":{"line":238,"column":32}},"129":{"start":{"line":239,"column":6},"end":{"line":239,"column":28}},"130":{"start":{"line":241,"column":6},"end":{"line":249,"column":7}},"131":{"start":{"line":242,"column":8},"end":{"line":244,"column":9}},"132":{"start":{"line":243,"column":10},"end":{"line":243,"column":33}},"133":{"start":{"line":246,"column":8},"end":{"line":248,"column":9}},"134":{"start":{"line":247,"column":10},"end":{"line":247,"column":32}},"135":{"start":{"line":259,"column":2},"end":{"line":1831,"column":6}},"136":{"start":{"line":262,"column":6},"end":{"line":262,"column":99}},"137":{"start":{"line":264,"column":6},"end":{"line":264,"column":56}},"138":{"start":{"line":265,"column":6},"end":{"line":265,"column":101}},"139":{"start":{"line":273,"column":6},"end":{"line":273,"column":41}},"140":{"start":{"line":285,"column":6},"end":{"line":285,"column":89}},"141":{"start":{"line":287,"column":6},"end":{"line":287,"column":25}},"142":{"start":{"line":288,"column":6},"end":{"line":288,"column":27}},"143":{"start":{"line":289,"column":6},"end":{"line":289,"column":35}},"144":{"start":{"line":291,"column":6},"end":{"line":291,"column":74}},"145":{"start":{"line":321,"column":6},"end"
[...]
) {","      if (!this._locals.has(host)) this._locals.set(host, new StorageArea());","      return new Storage(this._locals.get(host));","    }","","    // Return session Storage based on the document origin (hostname/port).","  }, {","    key: 'session',","    value: function session(host) {","      if (!this._sessions.has(host)) this._sessions.set(host, new StorageArea());","      return new Storage(this._sessions.get(host));","    }","","    // Extend window with local/session storage support.","  }, {","    key: 'extend',","    value: function extend(window) {","      var storages = this;","      window.StorageEvent = StorageEvent;","      _Object$defineProperties(window, {","        localStorage: {","          get: function get() {","            var document = this.document;","","            if (!document._localStorage) document._localStorage = storages.local(document.location.host);","            return document._localStorage;","          }","        },","","        sessionStorage: {","          get: function get() {","            var document = this.document;","","            if (!document._sessionStorage) document._sessionStorage = storages.session(document.location.host);","            return document._sessionStorage;","          }","        }","      });","    }","","    // Used to dump state to console (debuggin)","  }, {","    key: 'dump',","    value: function dump() {","      var output = arguments.length <= 0 || arguments[0] === undefined ? process.stdout : arguments[0];","      var _iteratorNormalCompletion2 = true;","      var _didIteratorError2 = false;","      var _iteratorError2 = undefined;","","      try {","        for (var _iterator2 = _getIterator(this._locals), _step2; !(_iteratorNormalCompletion2 = (_step2 = _iterator2.next()).done); _iteratorNormalCompletion2 = true) {","          var _step2$value = _slicedToArray(_step2.value, 2);","","          var domain = _step2$value[0];","          var area = _step2$value[1];","","          output.write(domain + ' local:\\n');","          var _iteratorNormalCompletion4 = true;","          var _didIteratorError4 = false;","          var _iteratorError4 = undefined;","","          try {","            for (var _iterator4 = _getIterator(area.pairs), _step4; !(_iteratorNormalCompletion4 = (_step4 = _iterator4.next()).done); _iteratorNormalCompletion4 = true) {","              var _step4$value = _slicedToArray(_step4.value, 2);","","              var _name = _step4$value[0];","              var value = _step4$value[1];","","              output.write('  ' + _name + ' = ' + value + '\\n');","            }","          } catch (err) {","            _didIteratorError4 = true;","            _iteratorError4 = err;","          } finally {","            try {","              if (!_iteratorNormalCompletion4 && _iterator4['return']) {","                _iterator4['return']();","              }","            } finally {","              if (_didIteratorError4) {","                throw _iteratorError4;","              }","            }","          }","        }","      } catch (err) {","        _didIteratorError2 = true;","        _iteratorError2 = err;","      } finally {","        try {","          if (!_iteratorNormalCompletion2 && _iterator2['return']) {","            _iterator2['return']();","          }","        } finally {","          if (_didIteratorError2) {","            throw _iteratorError2;","          }","        }","      }","","      var _iteratorNormalCompletion3 = true;","      var _didIteratorError3 = false;","      var _iteratorError3 = undefined;","","      try {","        for (var _iterator3 = _getIterator(this._sessions), _step3; !(_iteratorNormalCompletion3 = (_step3 = _iterator3.next()).done); _iteratorNormalCompletion3 = true) {","          var _step3$value = _slicedToArray(_step3.value, 2);","","          var domain = _step3$value[0];","          var area = _step3$value[1];","","          output.push(domain + ' session:\\n');","          var _iteratorNormalCompletion5 = true;","          var _didIteratorError5 = false;","          var _iteratorError5 = undefined;","","          try {","            for (var _iterator5 = _getIterator(area.pairs), _step5; !(_iteratorNormalCompletion5 = (_step5 = _iterator5.next()).done); _iteratorNormalCompletion5 = true) {","              var _step5$value = _slicedToArray(_step5.value, 2);","","              var _name2 = _step5$value[0];","              var value = _step5$value[1];","","              output.write('  ' + _name2 + ' = ' + value + '\\n');","            }","          } catch (err) {","            _didIteratorError5 = true;","            _iteratorError5 = err;","          } finally {","            try {","              if (!_iteratorNormalCompletion5 && _iterator5['return']) {","                _iterator5['return']();","              }","            } finally {","              if (_didIteratorError5) {","                throw _iteratorError5;","              }","            }","          }","        }","      } catch (err) {","        _didIteratorError3 = true;","        _iteratorError3 = err;","      } finally {","        try {","          if (!_iteratorNormalCompletion3 && _iterator3['return']) {","            _iterator3['return']();","          }","        } finally {","          if (_didIteratorError3) {","            throw _iteratorError3;","          }","        }","      }","    }","","    // browser.saveStorage uses this","  }, {","    key: 'save',","    value: function save() {","      var serialized = ['# Saved on ' + new Date().toISOString()];","      var _iteratorNormalCompletion6 = true;","      var _didIteratorError6 = false;","      var _iteratorError6 = undefined;","","      try {","        for (var _iterator6 = _getIterator(this._locals), _step6; !(_iteratorNormalCompletion6 = (_step6 = _iterator6.next()).done); _iteratorNormalCompletion6 = true) {","          var _step6$value = _slicedToArray(_step6.value, 2);","","          var domain = _step6$value[0];","          var area = _step6$value[1];","","          var pairs = area.pairs;","          if (pairs.length) {","            serialized.push(domain + ' local:');","            var _iteratorNormalCompletion8 = true;","            var _didIteratorError8 = false;","            var _iteratorError8 = undefined;","","            try {","              for (var _iterator8 = _getIterator(area.pairs), _step8; !(_iteratorNormalCompletion8 = (_step8 = _iterator8.next()).done); _iteratorNormalCompletion8 = true) {","                var _step8$value = _slicedToArray(_step8.value, 2);","","                var _name3 = _step8$value[0];","                var value = _step8$value[1];","","                serialized.push('  ' + escape(_name3) + ' = ' + escape(value));","              }","            } catch (err) {","              _didIteratorError8 = true;","              _iteratorError8 = err;","            } finally {","              try {","                if (!_iteratorNormalCompletion8 && _iterator8['return']) {","                  _iterator8['return']();","                }","              } finally {","                if (_didIteratorError8) {","                  throw _iteratorError8;","                }","              }","            }","          }","        }","      } catch (err) {","        _didIteratorError6 = true;","        _iteratorError6 = err;","      } finally {","        try {","          if (!_iteratorNormalCompletion6 && _iterator6['return']) {","            _iterator6['return']();","          }","        } finally {","          if (_didIteratorError6) {","            throw _iteratorError6;","          }","        }","      }","","      var _iteratorNormalCompletion7 = true;","      var _didIteratorError7 = false;","      var _iteratorError7 = undefined;","","      try {","        for (var _iterator7 = _getIterator(this._sessions), _step7; !(_iteratorNormalCompletion7 = (_step7 = _iterator7.next()).done); _iteratorNormalCompletion7 = true) {","          var _step7$value = _slicedToArray(_step7.value, 2);","","          var domain = _step7$value[0];","          var area = _step7$value[1];","","          var pairs = area.pairs;","          if (pairs.length) {","            serialized.push(domain + ' session:');","            var _iteratorNormalCompletion9 = true;","            var _didIteratorError9 = false;","            var _iteratorError9 = undefined;","","            try {","              for (var _iterator9 = _getIterator(area.pairs), _step9; !(_iteratorNormalCompletion9 = (_step9 = _iterator9.next()).done); _iteratorNormalCompletion9 = true) {","                var _step9$value = _slicedToArray(_step9.value, 2);","","                var _name4 = _step9$value[0];","                var value = _step9$value[1];","","                serialized.push('  ' + escape(_name4) + ' = ' + escape(value));","              }","            } catch (err) {","              _didIteratorError9 = true;","              _iteratorError9 = err;","            } finally {","              try {","                if (!_iteratorNormalCompletion9 && _iterator9['return']) {","                  _iterator9['return']();","                }","              } finally {","                if (_didIteratorError9) {","                  throw _iteratorError9;","                }","              }","            }","          }","        }","      } catch (err) {","        _didIteratorError7 = true;","        _iteratorError7 = err;","      } finally {","        try {","          if (!_iteratorNormalCompletion7 && _iterator7['return']) {","            _iterator7['return']();","          }","        } finally {","          if (_didIteratorError7) {","            throw _iteratorError7;","          }","        }","      }","","      return serialized.join('\\n') + '\\n';","    }","","    // browser.loadStorage uses this","  }, {","    key: 'load',","    value: function load(serialized) {","      var storage = null;","      var _iteratorNormalCompletion10 = true;","      var _didIteratorError10 = false;","      var _iteratorError10 = undefined;","","      try {","        for (var _iterator10 = _getIterator(serialized.split(/\\n+/)), _step10; !(_iteratorNormalCompletion10 = (_step10 = _iterator10.next()).done); _iteratorNormalCompletion10 = true) {","          var item = _step10.value;","","          if (item[0] === '#' || item === '') continue;","          if (item[0] === ' ') {","            var _item$split = item.split('=');","","            var _item$split2 = _slicedToArray(_item$split, 2);","","            var key = _item$split2[0];","            var value = _item$split2[1];","","            if (storage) storage.setItem(unescape(key.trim()), unescape(value.trim()));else throw new Error('Must specify storage type using local: or session:');","          } else {","            var _item$split3 = item.split(' ');","","            var _item$split32 = _slicedToArray(_item$split3, 2);","","            var domain = _item$split32[0];","            var type = _item$split32[1];","","            if (type === 'local:') storage = this.local(domain);else if (type === 'session:') storage = this.session(domain);else throw new Error('Unkown storage type ' + type);","          }","        }","      } catch (err) {","        _didIteratorError10 = true;","        _iteratorError10 = err;","      } finally {","        try {","          if (!_iteratorNormalCompletion10 && _iterator10['return']) {","            _iterator10['return']();","          }","        } finally {","          if (_didIteratorError10) {","            throw _iteratorError10;","          }","        }","      }","    }","  }]);","","  return Storages;","})();","","module.exports = Storages;","//# sourceMappingURL=storage.js.map",""],"l":{"4":1,"6":1,"8":1,"10":1,"12":1,"14":1,"16":1,"18":1,"20":1,"22":1,"26":1,"27":1,"29":1,"30":0,"32":0,"33":0,"34":0,"35":0,"36":0,"37":0,"43":1,"46":0,"51":0,"56":0,"61":0,"66":0,"70":1,"73":1,"74":1,"75":0,"77":0,"78":0,"86":1,"89":0,"90":0,"91":0,"93":0,"94":0,"95":0,"97":0,"98":0,"100":0,"101":0,"102":0,"105":0,"106":0,"108":0,"109":0,"110":0,"113":0,"114":0,"126":0,"127":0,"128":0,"129":0,"130":0,"137":0,"145":0,"146":0,"147":0,"154":0,"155":0,"156":0,"163":0,"164":0,"169":0,"176":0,"181":0,"186":0,"190":1,"193":1,"194":1,"195":0,"197":0,"206":1,"213":0,"222":0,"231":0,"240":0,"249":0,"256":0,"258":0,"263":0,"267":1,"270":1,"271":1,"272":0,"274":0,"275":0,"280":1,"283":0,"284":0,"291":0,"292":0,"299":0,"300":0,"301":0,"304":0,"306":0,"307":0,"313":0,"315":0,"316":0,"326":0,"327":0,"328":0,"329":0,"331":0,"332":0,"333":0,"335":0,"336":0,"338":0,"339":0,"340":0,"341":0,"343":0,"344":0,"345":0,"347":0,"348":0,"350":0,"353":0,"354":0,"356":0,"357":0,"358":0,"361":0,"362":0,"368":0,"369":0,"371":0,"372":0,"373":0,"376":0,"377":0,"382":0,"383":0,"384":0,"386":0,"387":0,"388":0,"390":0,"391":0,"393":0,"394":0,"395":0,"396":0,"398":0,"399":0,"400":0,"402":0,"403":0,"405":0,"408":0,"409":0,"411":0,"412":0,"413":0,"416":0,"417":0,"423":0,"424":0,"426":0,"427":0,"428":0,"431":0,"432":0,"442":0,"443":0,"444":0,"445":0,"447":0,"448":0,"449":0,"451":0,"452":0,"454":0,"455":0,"456":0,"457":0,"458":0,"459":0,"461":0,"462":0,"463":0,"465":0,"466":0,"468":0,"471":0,"472":0,"474":0,"475":0,"476":0,"479":0,"480":0,"487":0,"488":0,"490":0,"491":0,"492":0,"495":0,"496":0,"501":0,"502":0,"503":0,"505":0,"506":0,"507":0,"509":0,"510":0,"512":0,"513":0,"514":0,"515":0,"516":0,"517":0,"519":0,"520":0,"521":0,"523":0,"524":0,"526":0,"529":0,"530":0,"532":0,"533":0,"534":0,"537":0,"538":0,"545":0,"546":0,"548":0,"549":0,"550":0,"553":0,"554":0,"559":0,"566":0,"567":0,"568":0,"569":0,"571":0,"572":0,"573":0,"575":0,"576":0,"577":0,"579":0,"581":0,"582":0,"584":0,"586":0,"588":0,"590":0,"591":0,"593":0,"597":0,"598":0,"600":0,"601":0,"602":0,"605":0,"606":0,"613":1,"616":1}},"/home/travis/build/npmtest/node-npmtest-zombie/node_modules/zombie/Gulpfile.js":{"path":"/home/travis/build/npmtest/node-npmtest-zombie/node_modules/zombie/Gulpfile.js","s":{"1":2,"2":2,"3":0,"4":0,"5":0,"6":0,"7":0,"8":0,"9":0,"10":0,"11":0,"12":0,"13":0,"14":0,"15":0,"16":0,"17":0,"18":0,"19":0,"20":0,"21":0,"22":0,"23":0,"24":0,"25":0,"26":0,"27":0,"28":0,"29":0,"30":0,"31":0,"32":0,"33":0},"b":{},"f":{"1":0,"2":0,"3":0,"4":0,"5":0,"6":0},"fnMap":{"1":{"name":"(anonymous_1)","line":18,"loc":{"start":{"line":18,"column":18},"end":{"line":18,"column":30}}},"2":{"name":"(anonymous_2)","line":27,"loc":{"start":{"line":27,"column":30},"end":{"line":27,"column":41}}},"3":{"name":"(anonymous_3)","line":41,"loc":{"start":{"line":41,"column":19},"end":{"line":41,"column":30}}},"4":{"name":"(anonymous_4)","line":47,"loc":{"start":{"line":47,"column":30},"end":{"line":47,"column":41}}},"5":{"name":"(anonymous_5)","line":53,"loc":{"start":{"line":53,"column":30},"end":{"line":53,"column":41}}},"6":{"name":"(anonymous_6)","line":68,"loc":{"start":{"line":68,"column":21},"end":{"line":68,"column":32}}}},"statementMap":{"1":{"start":{"line":1,"column":0},"end":{"line":1,"column":38}},"2":{"start":{"line":2,"column":0},"end":{"line":2,"column":35}},"3":{"start":{"line":3,"column":0},"end":{"line":3,"column":43}},"4":{"start":{"line":4,"column":0},"end":{"line":4,"column":41}},"5":{"start":{"line":5,"column":0},"end":{"line":5,"column":34}},"6":{"start":{"line":6,"column":0},"end":{"line":6,"column":36}},"7":{"start":{"line":7,"column":0},"end":{"line":7,"column":41}},"8":{"start":{"line":8,"column":0},"end":{"line":8,"column":43}},"9":{"start":{"line":9,"column":0},"end":{"line":9,"column":47}},"10":{"start":{"line":10,"column":0},"end":{"line":10,"column":42}},"11":{"start":{"line":14,"column":0},"end":{"line":14,"column":32}},"12":{"start":{"line":18,"column":0},"end":{"line":23,"column":3}},"13":{"start":{"line":19,"column":2},"end":{"line":22,"column":32}},"14":{"start":{"line":27,"column":0},"end":{"line":37,"column":3}},"15":{"start":{"line":28,"column":2},"end":{"line":36,"column":8}},"16":{"start":{"line":41,"column":0},"end":{"line":43,"column":3}},"17":{"start":{"line":42,"column":2},"end":{"line":42,"column":23}},"18":{"start":{"line":47,"column":0},"end":{"line":49,"column":3}},"19":{"start":{"line":48,"column":2},"end":{"line":48,"column":52}},"20":{"start":{"line":53,"column":0},"end":{"line":64,"column":3}},"21":{"start":{"line":54,"column":2},"end":{"line":54,"column":52}},"22":{"start":{"line":55,"column":2},"end":{"line":55,"column":32}},"23":{"start":{"line":57,"column":2},"end":{"line":57,"column":41}},"24":{"start":{"line":58,"column":2},"end":{"line":63,"column":44}},"25":{"start":{"line":68,"column":0},"end":{"line":79,"column":3}},"26":{"start":{"line":69,"column":2},"end":{"line":69,"column":54}},"27":{"start":{"line":70,"column":2},"end":{"line":70,"column":63}},"28":{"start":{"line":71,"column":2},"end":{"line":71,"column":76}},"29":{"start":{"line":73,"column":2},"end":{"line":73,"column":69}},"30":{"start":{"line":74,"column":2},"end":{"line":74,"column":87}},"31":{"start":{"line":76,"column":2},"end":{"line":76,"column":36}},"32":{"start":{"line":77,"column":2},"end":{"line":77,"column":69}},"33":{"start":{"line":78,"column":2},"end":{"line":78,"column":42}}},"branchMap":{},"code":["const assert      = require('assert');","const del         = require('del');","const eslint      = require('gulp-eslint');","const exec        = require('gulp-exec');","const File        = require('fs');","const gulp        = require('gulp');","const gutil       = require('gulp-util');","const notify      = require('gulp-notify');","const sourcemaps  = require('gulp-sourcemaps');","const babel       = require('gulp-babel');","","","// gulp -> gulp watch","gulp.task('default', ['watch']);","","","// gulp lint -> errors if code dirty","gulp.task('lint', function () {","  return gulp.src([ 'js/**/*.js', 'test/*.js' ])","    .pipe(eslint())","    .pipe(eslint.formatEach())","    .pipe(eslint.failOnError());","});","","","// gulp build -> compile coffee script","gulp.task('build', ['clean'], function() {","  return gulp.src('src/**/*.js')","    .pipe(sourcemaps.init())","    .pipe(babel())","    .pipe(sourcemaps.write('.'))","    .pipe(gulp.dest('lib'))","    .pipe(notify({","      message: 'Zombie: built!',","      onLast:  true","    }));","});","","","// gulp clean -> clean generated files","gulp.task('clean', function() {","  return del('lib/**');","});","","","// gulp watch -> watch for changes and compile","gulp.task('watch', ['build'], function() {","  return gulp.watch('src/*.js', ['clean', 'build']);","});","","","// gulp tag -> Tag this release","gulp.task('tag', ['changes'], function() {","  const version = require('./package.json').version;","  const tag     = 'v' + version;","","  gutil.log('Tagging this release', tag);","  return gulp.src('.changes')","    .pipe( exec('git add package.json CHANGELOG.md') )","    .pipe( exec('git commit --allow-empty -m \"Version ' + version + '\"') )","    .pipe( exec('git tag ' + tag + ' --file .changes') )","    .pipe( exec('git push origin ' + tag) )","    .pipe( exec('git push origin master') );","});","","// Generate a change log summary for this release","// git tag uses the generated .changes file","gulp.task('changes', function() {","  const version   = require('./package.json').version;","  const changelog = File.readFileSync('CHANGELOG.md', 'utf-8');","  const match     = changelog.match(/^## Version (.*) .*\\n([\\S\\s]+?)\\n##/m);","","  assert(match, 'CHANGELOG.md missing entry: ## Version ' + version);","  assert.equal(match[1], version, 'CHANGELOG.md missing entry for version ' + version);","","  const changes   = match[2].trim();","  assert(changes, 'CHANGELOG.md empty entry for version ' + version);","  File.writeFileSync('.changes', changes);","});","",""],"l":{"1":2,"2":2,"3":0,"4":0,"5":0,"6":0,"7":0,"8":0,"9":0,"10":0,"14":0,"18":0,"19":0,"27":0,"28":0,"41":0,"42":0,"47":0,"48":0,"53":0,"54":0,"55":0,"57":0,"58":0,"68":0,"69":0,"70":0,"71":0,"73":0,"74":0,"76":0,"77":0,"78":0}}}